#
# There is insufficient memory for the Java Runtime Environment to continue.
# Native memory allocation (malloc) failed to allocate 670336 bytes for Chunk::new
# Possible reasons:
#   The system is out of physical RAM or swap space
#   In 32 bit mode, the process size limit was hit
# Possible solutions:
#   Reduce memory load on the system
#   Increase physical memory or swap space
#   Check if swap backing store is full
#   Use 64 bit Java on a 64 bit OS
#   Decrease Java heap size (-Xmx/-Xms)
#   Decrease number of Java threads
#   Decrease Java thread stack sizes (-Xss)
#   Set larger code cache with -XX:ReservedCodeCacheSize=
# This output file may be truncated or incomplete.
#
#  Out of Memory Error (allocation.cpp:390), pid=5984, tid=0x0000000000001090
#
# JRE version: Java(TM) SE Runtime Environment (8.0_131-b11) (build 1.8.0_131-b11)
# Java VM: Java HotSpot(TM) 64-Bit Server VM (25.131-b11 mixed mode windows-amd64 compressed oops)
# Failed to write core dump. Minidumps are not enabled by default on client versions of Windows
#

---------------  T H R E A D  ---------------

Current thread (0x0000000056523800):  JavaThread "C2 CompilerThread0" daemon [_thread_in_native, id=4240, stack(0x0000000056be0000,0x0000000056ce0000)]

Stack: [0x0000000056be0000,0x0000000056ce0000]
[error occurred during error reporting (printing stack bounds), id 0xc0000005]

Native frames: (J=compiled Java code, j=interpreted, Vv=VM code, C=native code)


Current CompileTask:
C2:  70757 2395   !   4       com.android.dx.cf.code.Ropper::processBlock (1101 bytes)


---------------  P R O C E S S  ---------------

Java Threads: ( => current thread )
  0x00000000567a3000 JavaThread "pool-1-thread-4" [_thread_blocked, id=5416, stack(0x0000000058140000,0x0000000058240000)]
  0x0000000056856000 JavaThread "pool-1-thread-3" [_thread_blocked, id=3380, stack(0x0000000057f90000,0x0000000058090000)]
  0x0000000056857000 JavaThread "pool-1-thread-2" [_thread_blocked, id=4204, stack(0x0000000057d90000,0x0000000057e90000)]
  0x0000000056837000 JavaThread "pool-2-thread-1" [_thread_blocked, id=2652, stack(0x0000000056cf0000,0x0000000056df0000)]
  0x0000000056834800 JavaThread "pool-1-thread-1" [_thread_blocked, id=5344, stack(0x0000000057c10000,0x0000000057d10000)]
  0x00000000565b8000 JavaThread "Service Thread" daemon [_thread_blocked, id=3352, stack(0x0000000056fa0000,0x00000000570a0000)]
  0x000000005652b800 JavaThread "C1 CompilerThread2" daemon [_thread_blocked, id=5980, stack(0x0000000056a80000,0x0000000056b80000)]
  0x0000000056529800 JavaThread "C2 CompilerThread1" daemon [_thread_in_native, id=6828, stack(0x0000000056df0000,0x0000000056ef0000)]
=>0x0000000056523800 JavaThread "C2 CompilerThread0" daemon [_thread_in_native, id=4240, stack(0x0000000056be0000,0x0000000056ce0000)]
  0x0000000056520800 JavaThread "Attach Listener" daemon [_thread_blocked, id=2840, stack(0x0000000056130000,0x0000000056230000)]
  0x0000000055093000 JavaThread "Signal Dispatcher" daemon [_thread_blocked, id=3828, stack(0x0000000056930000,0x0000000056a30000)]
  0x000000005507b000 JavaThread "Finalizer" daemon [_thread_blocked, id=6476, stack(0x0000000056420000,0x0000000056520000)]
  0x0000000055034000 JavaThread "Reference Handler" daemon [_thread_blocked, id=3696, stack(0x0000000056250000,0x0000000056350000)]
  0x0000000001f08800 JavaThread "main" [_thread_in_native, id=6348, stack(0x00000000021d0000,0x00000000022d0000)]

Other Threads:
  0x000000005502c000 VMThread [stack: 0x0000000055f60000,0x0000000056060000] [id=7156]
  0x00000000565c0800 WatcherThread [stack: 0x0000000057190000,0x0000000057290000] [id=3888]

VM state:not at safepoint (normal execution)

VM Mutex/Monitor currently owned by a thread: None

Heap:
 PSYoungGen      total 135168K, used 117580K [0x00000000eab00000, 0x00000000f4300000, 0x0000000100000000)
  eden space 120832K, 86% used [0x00000000eab00000,0x00000000f1198880,0x00000000f2100000)
  from space 14336K, 87% used [0x00000000f3100000,0x00000000f3d3a970,0x00000000f3f00000)
  to   space 16384K, 0% used [0x00000000f2100000,0x00000000f2100000,0x00000000f3100000)
 ParOldGen       total 40960K, used 20188K [0x00000000c0000000, 0x00000000c2800000, 0x00000000eab00000)
  object space 40960K, 49% used [0x00000000c0000000,0x00000000c13b72e0,0x00000000c2800000)
 Metaspace       used 6673K, capacity 7256K, committed 7424K, reserved 1056768K
  class space    used 644K, capacity 656K, committed 768K, reserved 1048576K

Card table byte_map: [0x0000000011960000,0x0000000011b70000] byte_map_base: 0x0000000011360000

Marking Bits: (ParMarkBitMap*) 0x000000007321c720
 Begin Bits: [0x00000000124a0000, 0x00000000134a0000)
 End Bits:   [0x00000000134a0000, 0x00000000144a0000)

Polling page: 0x0000000000110000

CodeCache: size=245760Kb used=10756Kb max_used=10761Kb free=235003Kb
 bounds [0x00000000025a0000, 0x0000000003050000, 0x00000000115a0000]
 total_blobs=2288 nmethods=2019 adapters=182
 compilation: enabled

Compilation events (10 events):
Event: 68.362 Thread 0x0000000056529800 nmethod 2411 0x00000000027ba3d0 code [0x00000000027ba520, 0x00000000027ba598]
Event: 68.371 Thread 0x0000000056529800 2412       4       com.android.dx.rop.code.RegisterSpecList::getType (12 bytes)
Event: 68.373 Thread 0x0000000056529800 nmethod 2412 0x0000000002810310 code [0x0000000002810460, 0x0000000002810558]
Event: 68.375 Thread 0x0000000056529800 2413       4       com.android.dx.rop.code.RegisterSpec::getBasicType (10 bytes)
Event: 68.376 Thread 0x0000000056529800 nmethod 2413 0x0000000002aebb50 code [0x0000000002aebc80, 0x0000000002aebcf8]
Event: 68.376 Thread 0x000000005652b800 2415       3       com.android.dx.rop.code.RegisterSpecList::withoutLast (60 bytes)
Event: 68.376 Thread 0x0000000056529800 2414   !   4       com.android.dx.cf.code.BytecodeArray::parseInstruction (2764 bytes)
Event: 68.377 Thread 0x000000005652b800 nmethod 2415 0x000000000275f690 code [0x000000000275f8c0, 0x0000000002760668]
Event: 68.384 Thread 0x000000005652b800 2416       3       com.android.dx.cf.code.ByteCatchList$Item::getExceptionClass (18 bytes)
Event: 68.384 Thread 0x000000005652b800 nmethod 2416 0x000000000280ff90 code [0x00000000028100e0, 0x0000000002810290]

GC Heap History (10 events):
Event: 3.570 GC heap before
{Heap before GC invocations=2 (full 0):
 PSYoungGen      total 17920K, used 16253K [0x00000000eab00000, 0x00000000ece00000, 0x0000000100000000)
  eden space 15360K, 100% used [0x00000000eab00000,0x00000000eba00000,0x00000000eba00000)
  from space 2560K, 34% used [0x00000000eba00000,0x00000000ebadf5f0,0x00000000ebc80000)
  to   space 2560K, 0% used [0x00000000ecb80000,0x00000000ecb80000,0x00000000ece00000)
 ParOldGen       total 40960K, used 8K [0x00000000c0000000, 0x00000000c2800000, 0x00000000eab00000)
  object space 40960K, 0% used [0x00000000c0000000,0x00000000c0002000,0x00000000c2800000)
 Metaspace       used 5924K, capacity 6744K, committed 6912K, reserved 1056768K
  class space    used 622K, capacity 656K, committed 768K, reserved 1048576K
Event: 3.702 GC heap after
Heap after GC invocations=2 (full 0):
 PSYoungGen      total 33280K, used 2554K [0x00000000eab00000, 0x00000000ece00000, 0x0000000100000000)
  eden space 30720K, 0% used [0x00000000eab00000,0x00000000eab00000,0x00000000ec900000)
  from space 2560K, 99% used [0x00000000ecb80000,0x00000000ecdfea30,0x00000000ece00000)
  to   space 2560K, 0% used [0x00000000ec900000,0x00000000ec900000,0x00000000ecb80000)
 ParOldGen       total 40960K, used 1892K [0x00000000c0000000, 0x00000000c2800000, 0x00000000eab00000)
  object space 40960K, 4% used [0x00000000c0000000,0x00000000c01d9360,0x00000000c2800000)
 Metaspace       used 5924K, capacity 6744K, committed 6912K, reserved 1056768K
  class space    used 622K, capacity 656K, committed 768K, reserved 1048576K
}
Event: 7.471 GC heap before
{Heap before GC invocations=3 (full 0):
 PSYoungGen      total 33280K, used 33274K [0x00000000eab00000, 0x00000000ece00000, 0x0000000100000000)
  eden space 30720K, 100% used [0x00000000eab00000,0x00000000ec900000,0x00000000ec900000)
  from space 2560K, 99% used [0x00000000ecb80000,0x00000000ecdfea30,0x00000000ece00000)
  to   space 2560K, 0% used [0x00000000ec900000,0x00000000ec900000,0x00000000ecb80000)
 ParOldGen       total 40960K, used 1892K [0x00000000c0000000, 0x00000000c2800000, 0x00000000eab00000)
  object space 40960K, 4% used [0x00000000c0000000,0x00000000c01d9360,0x00000000c2800000)
 Metaspace       used 6259K, capacity 7064K, committed 7424K, reserved 1056768K
  class space    used 624K, capacity 656K, committed 768K, reserved 1048576K
Event: 8.011 GC heap after
Heap after GC invocations=3 (full 0):
 PSYoungGen      total 33280K, used 2531K [0x00000000eab00000, 0x00000000eec00000, 0x0000000100000000)
  eden space 30720K, 0% used [0x00000000eab00000,0x00000000eab00000,0x00000000ec900000)
  from space 2560K, 98% used [0x00000000ec900000,0x00000000ecb78c68,0x00000000ecb80000)
  to   space 2560K, 0% used [0x00000000ee980000,0x00000000ee980000,0x00000000eec00000)
 ParOldGen       total 40960K, used 6135K [0x00000000c0000000, 0x00000000c2800000, 0x00000000eab00000)
  object space 40960K, 14% used [0x00000000c0000000,0x00000000c05fdef8,0x00000000c2800000)
 Metaspace       used 6259K, capacity 7064K, committed 7424K, reserved 1056768K
  class space    used 624K, capacity 656K, committed 768K, reserved 1048576K
}
Event: 22.524 GC heap before
{Heap before GC invocations=4 (full 0):
 PSYoungGen      total 33280K, used 33251K [0x00000000eab00000, 0x00000000eec00000, 0x0000000100000000)
  eden space 30720K, 100% used [0x00000000eab00000,0x00000000ec900000,0x00000000ec900000)
  from space 2560K, 98% used [0x00000000ec900000,0x00000000ecb78c68,0x00000000ecb80000)
  to   space 2560K, 0% used [0x00000000ee980000,0x00000000ee980000,0x00000000eec00000)
 ParOldGen       total 40960K, used 6135K [0x00000000c0000000, 0x00000000c2800000, 0x00000000eab00000)
  object space 40960K, 14% used [0x00000000c0000000,0x00000000c05fdef8,0x00000000c2800000)
 Metaspace       used 6346K, capacity 7128K, committed 7424K, reserved 1056768K
  class space    used 624K, capacity 656K, committed 768K, reserved 1048576K
Event: 22.644 GC heap after
Heap after GC invocations=4 (full 0):
 PSYoungGen      total 64000K, used 2536K [0x00000000eab00000, 0x00000000eec00000, 0x0000000100000000)
  eden space 61440K, 0% used [0x00000000eab00000,0x00000000eab00000,0x00000000ee700000)
  from space 2560K, 99% used [0x00000000ee980000,0x00000000eebfa2a8,0x00000000eec00000)
  to   space 2560K, 0% used [0x00000000ee700000,0x00000000ee700000,0x00000000ee980000)
 ParOldGen       total 40960K, used 10466K [0x00000000c0000000, 0x00000000c2800000, 0x00000000eab00000)
  object space 40960K, 25% used [0x00000000c0000000,0x00000000c0a38ba8,0x00000000c2800000)
 Metaspace       used 6346K, capacity 7128K, committed 7424K, reserved 1056768K
  class space    used 624K, capacity 656K, committed 768K, reserved 1048576K
}
Event: 35.236 GC heap before
{Heap before GC invocations=5 (full 0):
 PSYoungGen      total 64000K, used 63976K [0x00000000eab00000, 0x00000000eec00000, 0x0000000100000000)
  eden space 61440K, 100% used [0x00000000eab00000,0x00000000ee700000,0x00000000ee700000)
  from space 2560K, 99% used [0x00000000ee980000,0x00000000eebfa2a8,0x00000000eec00000)
  to   space 2560K, 0% used [0x00000000ee700000,0x00000000ee700000,0x00000000ee980000)
 ParOldGen       total 40960K, used 10466K [0x00000000c0000000, 0x00000000c2800000, 0x00000000eab00000)
  object space 40960K, 25% used [0x00000000c0000000,0x00000000c0a38ba8,0x00000000c2800000)
 Metaspace       used 6440K, capacity 7192K, committed 7424K, reserved 1056768K
  class space    used 624K, capacity 656K, committed 768K, reserved 1048576K
Event: 35.293 GC heap after
Heap after GC invocations=5 (full 0):
 PSYoungGen      total 64000K, used 2530K [0x00000000eab00000, 0x00000000f3f00000, 0x0000000100000000)
  eden space 61440K, 0% used [0x00000000eab00000,0x00000000eab00000,0x00000000ee700000)
  from space 2560K, 98% used [0x00000000ee700000,0x00000000ee9788e8,0x00000000ee980000)
  to   space 14336K, 0% used [0x00000000f3100000,0x00000000f3100000,0x00000000f3f00000)
 ParOldGen       total 40960K, used 20188K [0x00000000c0000000, 0x00000000c2800000, 0x00000000eab00000)
  object space 40960K, 49% used [0x00000000c0000000,0x00000000c13b72e0,0x00000000c2800000)
 Metaspace       used 6440K, capacity 7192K, committed 7424K, reserved 1056768K
  class space    used 624K, capacity 656K, committed 768K, reserved 1048576K
}
Event: 56.145 GC heap before
{Heap before GC invocations=6 (full 0):
 PSYoungGen      total 64000K, used 63970K [0x00000000eab00000, 0x00000000f3f00000, 0x0000000100000000)
  eden space 61440K, 100% used [0x00000000eab00000,0x00000000ee700000,0x00000000ee700000)
  from space 2560K, 98% used [0x00000000ee700000,0x00000000ee9788e8,0x00000000ee980000)
  to   space 14336K, 0% used [0x00000000f3100000,0x00000000f3100000,0x00000000f3f00000)
 ParOldGen       total 40960K, used 20188K [0x00000000c0000000, 0x00000000c2800000, 0x00000000eab00000)
  object space 40960K, 49% used [0x00000000c0000000,0x00000000c13b72e0,0x00000000c2800000)
 Metaspace       used 6561K, capacity 7256K, committed 7424K, reserved 1056768K
  class space    used 625K, capacity 656K, committed 768K, reserved 1048576K
Event: 56.209 GC heap after
Heap after GC invocations=6 (full 0):
 PSYoungGen      total 135168K, used 12522K [0x00000000eab00000, 0x00000000f4300000, 0x0000000100000000)
  eden space 120832K, 0% used [0x00000000eab00000,0x00000000eab00000,0x00000000f2100000)
  from space 14336K, 87% used [0x00000000f3100000,0x00000000f3d3a970,0x00000000f3f00000)
  to   space 16384K, 0% used [0x00000000f2100000,0x00000000f2100000,0x00000000f3100000)
 ParOldGen       total 40960K, used 20188K [0x00000000c0000000, 0x00000000c2800000, 0x00000000eab00000)
  object space 40960K, 49% used [0x00000000c0000000,0x00000000c13b72e0,0x00000000c2800000)
 Metaspace       used 6561K, capacity 7256K, committed 7424K, reserved 1056768K
  class space    used 625K, capacity 656K, committed 768K, reserved 1048576K
}

Deoptimization events (10 events):
Event: 67.529 Thread 0x0000000056857000 Uncommon trap: reason=unstable_if action=reinterpret pc=0x0000000002a9b2b0 method=com.android.dx.ssa.MoveParamCombiner$1.visitNonMoveInsn(Lcom/android/dx/ssa/NormalSsaInsn;)V @ 27
Event: 67.532 Thread 0x0000000056857000 Uncommon trap: reason=class_check action=maybe_recompile pc=0x0000000002bd1da8 method=com.android.dx.cf.code.Ropper.processBlock(Lcom/android/dx/cf/code/ByteBlock;Lcom/android/dx/cf/code/Frame;[I)V @ 711
Event: 67.532 Thread 0x0000000056857000 Uncommon trap: reason=class_check action=maybe_recompile pc=0x0000000002bd1da8 method=com.android.dx.cf.code.Ropper.processBlock(Lcom/android/dx/cf/code/ByteBlock;Lcom/android/dx/cf/code/Frame;[I)V @ 711
Event: 67.532 Thread 0x0000000056857000 Uncommon trap: reason=class_check action=maybe_recompile pc=0x0000000002bd1da8 method=com.android.dx.cf.code.Ropper.processBlock(Lcom/android/dx/cf/code/ByteBlock;Lcom/android/dx/cf/code/Frame;[I)V @ 711
Event: 67.532 Thread 0x0000000056857000 Uncommon trap: reason=class_check action=maybe_recompile pc=0x0000000002bd1da8 method=com.android.dx.cf.code.Ropper.processBlock(Lcom/android/dx/cf/code/ByteBlock;Lcom/android/dx/cf/code/Frame;[I)V @ 711
Event: 68.350 Thread 0x00000000567a3000 Uncommon trap: reason=bimorphic action=maybe_recompile pc=0x0000000002dd34b8 method=com.android.dx.ssa.LiteralOpUpgrader.tryReplacingWithConstant(Lcom/android/dx/ssa/NormalSsaInsn;)Z @ 62
Event: 68.350 Thread 0x00000000567a3000 Uncommon trap: reason=unstable_if action=reinterpret pc=0x0000000002e3ab68 method=com.android.dx.ssa.LiteralOpUpgrader$1.visitNonMoveInsn(Lcom/android/dx/ssa/NormalSsaInsn;)V @ 24
Event: 68.358 Thread 0x00000000567a3000 Uncommon trap: reason=bimorphic action=maybe_recompile pc=0x0000000002dd34b8 method=com.android.dx.ssa.LiteralOpUpgrader.tryReplacingWithConstant(Lcom/android/dx/ssa/NormalSsaInsn;)Z @ 62
Event: 68.375 Thread 0x0000000056857000 Uncommon trap: reason=bimorphic action=maybe_recompile pc=0x00000000030337f8 method=com.android.dx.cf.code.BytecodeArray.parseInstruction(ILcom/android/dx/cf/code/BytecodeArray$Visitor;)I @ 1357
Event: 68.376 Thread 0x0000000056857000 Uncommon trap: reason=bimorphic action=maybe_recompile pc=0x00000000030337f8 method=com.android.dx.cf.code.BytecodeArray.parseInstruction(ILcom/android/dx/cf/code/BytecodeArray$Visitor;)I @ 1357

Internal exceptions (7 events):
Event: 0.058 Thread 0x0000000001f08800 Exception <a 'java/lang/NoSuchMethodError': Method sun.misc.Unsafe.defineClass(Ljava/lang/String;[BII)Ljava/lang/Class; name or signature does not match> (0x00000000eab07ca8) thrown at [C:\re\workspace\8-2-build-windows-amd64-cygwin\jdk8u131\8869\hotspot\
Event: 0.058 Thread 0x0000000001f08800 Exception <a 'java/lang/NoSuchMethodError': Method sun.misc.Unsafe.prefetchRead(Ljava/lang/Object;J)V name or signature does not match> (0x00000000eab07f90) thrown at [C:\re\workspace\8-2-build-windows-amd64-cygwin\jdk8u131\8869\hotspot\src\share\vm\prims
Event: 6.191 Thread 0x00000000567a3000 Implicit null exception at 0x0000000002836312 to 0x0000000002836411
Event: 59.907 Thread 0x0000000056834800 Implicit null exception at 0x0000000002b4768f to 0x0000000002b48b99
Event: 60.390 Thread 0x0000000056856000 Exception <a 'java/lang/ArrayIndexOutOfBoundsException': 18> (0x00000000ee3a26a8) thrown at [C:\re\workspace\8-2-build-windows-amd64-cygwin\jdk8u131\8869\hotspot\src\share\vm\interpreter\interpreterRuntime.cpp, line 366]
Event: 60.390 Thread 0x0000000056856000 Exception <a 'java/lang/ArrayIndexOutOfBoundsException': 145> (0x00000000ee3a4228) thrown at [C:\re\workspace\8-2-build-windows-amd64-cygwin\jdk8u131\8869\hotspot\src\share\vm\interpreter\interpreterRuntime.cpp, line 366]
Event: 60.391 Thread 0x0000000056856000 Exception <a 'java/lang/ArrayIndexOutOfBoundsException'> (0x00000000ee3a5510) thrown at [C:\re\workspace\8-2-build-windows-amd64-cygwin\jdk8u131\8869\hotspot\src\share\vm\runtime\sharedRuntime.cpp, line 605]

Events (10 events):
Event: 68.358 Thread 0x00000000567a3000 DEOPT PACKING pc=0x0000000002dd34b8 sp=0x000000005823e510
Event: 68.358 Thread 0x00000000567a3000 DEOPT UNPACKING pc=0x00000000025e582a sp=0x000000005823e4b0 mode 2
Event: 68.375 Thread 0x0000000056834800 DEOPT PACKING pc=0x0000000003019f16 sp=0x0000000057d0e3b0
Event: 68.375 Thread 0x0000000056834800 DEOPT UNPACKING pc=0x00000000025e747f sp=0x0000000057d0e1f0 mode 0
Event: 68.375 Thread 0x0000000056857000 Uncommon trap: trap_request=0xffffffc6 fr.pc=0x00000000030337f8
Event: 68.375 Thread 0x0000000056857000 DEOPT PACKING pc=0x00000000030337f8 sp=0x0000000057e8ed80
Event: 68.375 Thread 0x0000000056857000 DEOPT UNPACKING pc=0x00000000025e582a sp=0x0000000057e8ed00 mode 2
Event: 68.376 Thread 0x0000000056857000 Uncommon trap: trap_request=0xffffffc6 fr.pc=0x00000000030337f8
Event: 68.376 Thread 0x0000000056857000 DEOPT PACKING pc=0x00000000030337f8 sp=0x0000000057e8ed80
Event: 68.376 Thread 0x0000000056857000 DEOPT UNPACKING pc=0x00000000025e582a sp=0x0000000057e8ed00 mode 2


Dynamic libraries:
0x000000013f490000 - 0x000000013f4c7000 	C:\Program Files\Java\jdk1.8.0_131\bin\java.exe
0x0000000077510000 - 0x00000000776b9000 	C:\Windows\SYSTEM32\ntdll.dll
0x00000000773f0000 - 0x000000007750f000 	C:\Windows\system32\kernel32.dll
0x000007fefd510000 - 0x000007fefd57b000 	C:\Windows\system32\KERNELBASE.dll
0x000007fefdf50000 - 0x000007fefe02b000 	C:\Windows\system32\ADVAPI32.dll
0x000007feff620000 - 0x000007feff6bf000 	C:\Windows\system32\msvcrt.dll
0x000007fefdf30000 - 0x000007fefdf4f000 	C:\Windows\SYSTEM32\sechost.dll
0x000007fefe030000 - 0x000007fefe15d000 	C:\Windows\system32\RPCRT4.dll
0x00000000772f0000 - 0x00000000773ea000 	C:\Windows\system32\USER32.dll
0x000007fefdc30000 - 0x000007fefdc97000 	C:\Windows\system32\GDI32.dll
0x000007fefdf00000 - 0x000007fefdf0e000 	C:\Windows\system32\LPK.dll
0x000007fefdd20000 - 0x000007fefdde9000 	C:\Windows\system32\USP10.dll
0x000007fefbc20000 - 0x000007fefbe14000 	C:\Windows\WinSxS\amd64_microsoft.windows.common-controls_6595b64144ccf1df_6.0.7601.17514_none_fa396087175ac9ac\COMCTL32.dll
0x000007fefdca0000 - 0x000007fefdd11000 	C:\Windows\system32\SHLWAPI.dll
0x000007fefe200000 - 0x000007fefe22e000 	C:\Windows\system32\IMM32.DLL
0x000007fefddf0000 - 0x000007fefdef9000 	C:\Windows\system32\MSCTF.dll
0x00000000732a0000 - 0x0000000073372000 	C:\Program Files\Java\jdk1.8.0_131\jre\bin\msvcr100.dll
0x0000000072a00000 - 0x000000007329c000 	C:\Program Files\Java\jdk1.8.0_131\jre\bin\server\jvm.dll
0x000007fef5110000 - 0x000007fef5119000 	C:\Windows\system32\WSOCK32.dll
0x000007fefd890000 - 0x000007fefd8dd000 	C:\Windows\system32\WS2_32.dll
0x000007feff430000 - 0x000007feff438000 	C:\Windows\system32\NSI.dll
0x000007fef9970000 - 0x000007fef99ab000 	C:\Windows\system32\WINMM.dll
0x000007fefc590000 - 0x000007fefc59c000 	C:\Windows\system32\VERSION.dll
0x00000000776e0000 - 0x00000000776e7000 	C:\Windows\system32\PSAPI.DLL
0x0000000074340000 - 0x000000007434f000 	C:\Program Files\Java\jdk1.8.0_131\jre\bin\verify.dll
0x00000000740e0000 - 0x0000000074109000 	C:\Program Files\Java\jdk1.8.0_131\jre\bin\java.dll
0x00000000740c0000 - 0x00000000740d6000 	C:\Program Files\Java\jdk1.8.0_131\jre\bin\zip.dll
0x000007fefe230000 - 0x000007fefefb8000 	C:\Windows\system32\SHELL32.dll
0x000007feff220000 - 0x000007feff423000 	C:\Windows\system32\ole32.dll
0x000007fefd460000 - 0x000007fefd46f000 	C:\Windows\system32\profapi.dll

VM Arguments:
jvm_args: -Djava.awt.headless=true -Xmx1024M -Dfile.encoding=windows-1252 -Duser.country=IN -Duser.language=en -Duser.variant 
java_command: com.android.dx.command.Main --dex --num-threads=4 --output D:\DK-HP-PA-2000AR\Laboratory\Ignite\PizzaApp\android\app\build\intermediates\pre-dexed\debug\com.android.support-support-v4-24.0.0_8a6cf060f7768636e9bdcb1ad01a9917064d9550.jar D:\DK-HP-PA-2000AR\Laboratory\Ignite\PizzaApp\android\app\build\intermediates\exploded-aar\com.android.support\support-v4\24.0.0\jars\classes.jar
java_class_path (initial): C:\Programs\Android_SDK_Minimum\build-tools\25.0.2\lib\dx.jar
Launcher Type: SUN_STANDARD

Environment Variables:
JAVA_HOME=C:\Program Files\Java\jdk1.8.0_131
CLASSPATH=D:\DK-HP-PA-2000AR\Laboratory\Ignite\PizzaApp\android\\gradle\wrapper\gradle-wrapper.jar
PATH=C:\Program Files\ConEmu\ConEmu\Scripts;C:\Program Files\ConEmu;C:\Program Files\ConEmu\ConEmu;C:\Programs\Go_repository\bin;C:\Programs\Ruby24-x64\bin;C:\Programs\Python27\Lib\site-packages\PyQt4;C:\Programs\wget-1.19.1-win64;C:\Programs\repo;C:\Program Files\cURL\bin;C:\Programs\MinGW\bin;C:\Programs;C:\Programs\apache-ant-1.10.1\bin;C:\Program Files\WinRAR;C:\Programs\apktool;C:\Programs\Android_SDK_Minimum\platform-tools;C:\Programs\Android_SDK_Minimum\tools;C:\Program Files\Notepad++;C:\Program Files (x86)\Yarn\bin;C:\Programs\apache-maven-3.5.0\bin;C:\Programs\sst27;C:\Programs\php-7.1.3-nts-Win32-VC14-x64;C:\Program Files (x86)\GnuWin32\bin;C:\Program Files\Java\jdk1.8.0_131\bin;C:\Programs\Axel2.4;C:\Programs\gradle-4.1-milestone-1\bin;C:\Windows\system32;C:\Windows;C:\Windows\System32\Wbem;C:\Windows\System32\WindowsPowerShell\v1.0\;C:\Program Files\Git\cmd;C:\Program Files (x86)\WinSCP\;C:\Program Files (x86)\GNU\GnuPG\pub;C:\Programs\Python27;C:\Programs\Python27\DLLs;C:\Programs\Python27\Scripts;C:\Programs\Python27\Lib\site-packages\vtk;C:\Programs\Python27\gnuplot\binary;C:\Programs\Python27\Lib\site-packages\osgeo;C:\Program Files (x86)\pythonxy\swig;C:\Program Files (x86)\pythonxy\gettext\bin;C:\Program Files\nodejs\;C:\Programs\Go\bin;C:\Users\dk7\AppData\Local\Yarn\bin;C:\Users\dk7\AppData\Roaming\npm
USERNAME=dk7
OS=Windows_NT
PROCESSOR_IDENTIFIER=Intel64 Family 6 Model 37 Stepping 5, GenuineIntel



---------------  S Y S T E M  ---------------

OS: Windows 7 , 64 bit Build 7601 (6.1.7601.17514)

CPU:total 4 (initial active 4) (2 cores per cpu, 2 threads per core) family 6 model 37 stepping 5, cmov, cx8, fxsr, mmx, sse, sse2, sse3, ssse3, sse4.1, sse4.2, popcnt, ht, tsc, tscinvbit

Memory: 4k page, physical 3857104k(46076k free), swap 5419172k(3148k free)

vm_info: Java HotSpot(TM) 64-Bit Server VM (25.131-b11) for windows-amd64 JRE (1.8.0_131-b11), built on Mar 15 2017 01:23:53 by "java_re" with MS VC++ 10.0 (VS2010)

time: Thu Jul 20 12:10:38 2017
elapsed time: 70 seconds (0d 0h 1m 10s)

