#
# There is insufficient memory for the Java Runtime Environment to continue.
# Native memory allocation (malloc) failed to allocate 131088 bytes for Chunk::new
# Possible reasons:
#   The system is out of physical RAM or swap space
#   In 32 bit mode, the process size limit was hit
# Possible solutions:
#   Reduce memory load on the system
#   Increase physical memory or swap space
#   Check if swap backing store is full
#   Use 64 bit Java on a 64 bit OS
#   Decrease Java heap size (-Xmx/-Xms)
#   Decrease number of Java threads
#   Decrease Java thread stack sizes (-Xss)
#   Set larger code cache with -XX:ReservedCodeCacheSize=
# This output file may be truncated or incomplete.
#
#  Out of Memory Error (allocation.cpp:390), pid=2784, tid=0x00000000000018b0
#
# JRE version: Java(TM) SE Runtime Environment (8.0_131-b11) (build 1.8.0_131-b11)
# Java VM: Java HotSpot(TM) 64-Bit Server VM (25.131-b11 mixed mode windows-amd64 compressed oops)
# Failed to write core dump. Minidumps are not enabled by default on client versions of Windows
#

---------------  T H R E A D  ---------------

Current thread (0x0000000056169800):  JavaThread "C2 CompilerThread1" daemon [_thread_in_native, id=6320, stack(0x0000000056a90000,0x0000000056b90000)]

Stack: [0x0000000056a90000,0x0000000056b90000]
[error occurred during error reporting (printing stack bounds), id 0xc0000005]

Native frames: (J=compiled Java code, j=interpreted, Vv=VM code, C=native code)


Current CompileTask:
C2:   7570 1286   !   4       com.android.dx.cf.code.BytecodeArray::parseInstruction (2764 bytes)


---------------  P R O C E S S  ---------------

Java Threads: ( => current thread )
  0x00000000562d0000 JavaThread "pool-1-thread-4" [_thread_in_Java, id=7004, stack(0x00000000576c0000,0x00000000577c0000)]
  0x00000000562cf800 JavaThread "pool-1-thread-3" [_thread_in_vm, id=1796, stack(0x00000000572c0000,0x00000000573c0000)]
  0x00000000562cd800 JavaThread "pool-1-thread-2" [_thread_in_Java, id=1808, stack(0x00000000575b0000,0x00000000576b0000)]
  0x00000000562cc000 JavaThread "pool-2-thread-1" [_thread_blocked, id=4196, stack(0x00000000573f0000,0x00000000574f0000)]
  0x00000000562c3800 JavaThread "pool-1-thread-1" [_thread_in_Java, id=7140, stack(0x00000000571b0000,0x00000000572b0000)]
  0x00000000561ef800 JavaThread "Service Thread" daemon [_thread_blocked, id=6944, stack(0x0000000056e50000,0x0000000056f50000)]
  0x000000005616a800 JavaThread "C1 CompilerThread2" daemon [_thread_blocked, id=6284, stack(0x0000000056ce0000,0x0000000056de0000)]
=>0x0000000056169800 JavaThread "C2 CompilerThread1" daemon [_thread_in_native, id=6320, stack(0x0000000056a90000,0x0000000056b90000)]
  0x0000000056167800 JavaThread "C2 CompilerThread0" daemon [_thread_in_native, id=6860, stack(0x0000000056560000,0x0000000056660000)]
  0x0000000054d27800 JavaThread "Attach Listener" daemon [_thread_blocked, id=4620, stack(0x0000000056890000,0x0000000056990000)]
  0x0000000054d26800 JavaThread "Signal Dispatcher" daemon [_thread_blocked, id=4992, stack(0x0000000056680000,0x0000000056780000)]
  0x0000000054d0e800 JavaThread "Finalizer" daemon [_thread_blocked, id=3308, stack(0x0000000056060000,0x0000000056160000)]
  0x0000000054cc7800 JavaThread "Reference Handler" daemon [_thread_blocked, id=4612, stack(0x0000000055ef0000,0x0000000055ff0000)]
  0x0000000001da8800 JavaThread "main" [_thread_blocked, id=6892, stack(0x0000000001f80000,0x0000000002080000)]

Other Threads:
  0x0000000054cc0000 VMThread [stack: 0x0000000055d00000,0x0000000055e00000] [id=5724]
  0x00000000561f6800 WatcherThread [stack: 0x0000000057030000,0x0000000057130000] [id=3588]

VM state:synchronizing (normal execution)

VM Mutex/Monitor currently owned by a thread:  ([mutex/lock_event])
[0x0000000001f5e7d0] Safepoint_lock - owner thread: 0x0000000054cc0000
[0x0000000001f5e850] Threads_lock - owner thread: 0x0000000054cc0000
[0x0000000001f5ed50] Heap_lock - owner thread: 0x0000000001da8800
[0x0000000001f5f2d0] MethodData_lock - owner thread: 0x0000000001da8800

Heap:
 PSYoungGen      total 33280K, used 25403K [0x00000000eab00000, 0x00000000ece00000, 0x0000000100000000)
  eden space 30720K, 74% used [0x00000000eab00000,0x00000000ec156da8,0x00000000ec900000)
  from space 2560K, 98% used [0x00000000ecb80000,0x00000000ecdf8038,0x00000000ece00000)
  to   space 2560K, 0% used [0x00000000ec900000,0x00000000ec900000,0x00000000ecb80000)
 ParOldGen       total 40960K, used 3432K [0x00000000c0000000, 0x00000000c2800000, 0x00000000eab00000)
  object space 40960K, 8% used [0x00000000c0000000,0x00000000c035a0e0,0x00000000c2800000)
 Metaspace       used 6042K, capacity 6968K, committed 7040K, reserved 1058816K
  class space    used 610K, capacity 624K, committed 640K, reserved 1048576K

Card table byte_map: [0x0000000011710000,0x0000000011920000] byte_map_base: 0x0000000011110000

Marking Bits: (ParMarkBitMap*) 0x000000007321c720
 Begin Bits: [0x0000000012130000, 0x0000000013130000)
 End Bits:   [0x0000000013130000, 0x0000000014130000)

Polling page: 0x0000000000210000

CodeCache: size=245760Kb used=5288Kb max_used=5288Kb free=240471Kb
 bounds [0x0000000002350000, 0x0000000002880000, 0x0000000011350000]
 total_blobs=1555 nmethods=1292 adapters=176
 compilation: disabled (not enough contiguous free space left)

Compilation events (10 events):
Event: 5.187 Thread 0x000000005616a800 nmethod 1336 0x0000000002877090 code [0x00000000028772e0, 0x0000000002878268]
Event: 5.191 Thread 0x000000005616a800 1339       3       com.android.dx.rop.cst.CstMethodRef::<init> (7 bytes)
Event: 5.192 Thread 0x000000005616a800 nmethod 1339 0x00000000028789d0 code [0x0000000002878b60, 0x0000000002878f78]
Event: 5.192 Thread 0x000000005616a800 1337       3       java.util.Collections::unmodifiableCollection (9 bytes)
Event: 5.192 Thread 0x000000005616a800 nmethod 1337 0x0000000002879110 code [0x00000000028792a0, 0x00000000028795e8]
Event: 5.195 Thread 0x000000005616a800 1340       2       com.android.dx.rop.type.Type::equals (31 bytes)
Event: 5.195 Thread 0x000000005616a800 nmethod 1340 0x0000000002879750 code [0x00000000028798c0, 0x0000000002879ae8]
Event: 5.195 Thread 0x000000005616a800 1341       3       com.android.dx.cf.code.LocalVariableList::concat (97 bytes)
Event: 5.197 Thread 0x000000005616a800 nmethod 1341 0x0000000002879c10 code [0x0000000002879f40, 0x000000000287bc08]
Event: 5.198 Thread 0x000000005616a800 1342       3       com.android.dx.cf.direct.StdAttributeFactory::code (613 bytes)

GC Heap History (4 events):
Event: 2.384 GC heap before
{Heap before GC invocations=1 (full 0):
 PSYoungGen      total 17920K, used 15360K [0x00000000eab00000, 0x00000000ebf00000, 0x0000000100000000)
  eden space 15360K, 100% used [0x00000000eab00000,0x00000000eba00000,0x00000000eba00000)
  from space 2560K, 0% used [0x00000000ebc80000,0x00000000ebc80000,0x00000000ebf00000)
  to   space 2560K, 0% used [0x00000000eba00000,0x00000000eba00000,0x00000000ebc80000)
 ParOldGen       total 40960K, used 0K [0x00000000c0000000, 0x00000000c2800000, 0x00000000eab00000)
  object space 40960K, 0% used [0x00000000c0000000,0x00000000c0000000,0x00000000c2800000)
 Metaspace       used 5683K, capacity 6710K, committed 6784K, reserved 1056768K
  class space    used 605K, capacity 622K, committed 640K, reserved 1048576K
Event: 2.566 GC heap after
Heap after GC invocations=1 (full 0):
 PSYoungGen      total 17920K, used 2554K [0x00000000eab00000, 0x00000000ece00000, 0x0000000100000000)
  eden space 15360K, 0% used [0x00000000eab00000,0x00000000eab00000,0x00000000eba00000)
  from space 2560K, 99% used [0x00000000eba00000,0x00000000ebc7eab8,0x00000000ebc80000)
  to   space 2560K, 0% used [0x00000000ecb80000,0x00000000ecb80000,0x00000000ece00000)
 ParOldGen       total 40960K, used 1566K [0x00000000c0000000, 0x00000000c2800000, 0x00000000eab00000)
  object space 40960K, 3% used [0x00000000c0000000,0x00000000c01878a8,0x00000000c2800000)
 Metaspace       used 5683K, capacity 6710K, committed 6784K, reserved 1056768K
  class space    used 605K, capacity 622K, committed 640K, reserved 1048576K
}
Event: 5.075 GC heap before
{Heap before GC invocations=2 (full 0):
 PSYoungGen      total 17920K, used 17914K [0x00000000eab00000, 0x00000000ece00000, 0x0000000100000000)
  eden space 15360K, 100% used [0x00000000eab00000,0x00000000eba00000,0x00000000eba00000)
  from space 2560K, 99% used [0x00000000eba00000,0x00000000ebc7eab8,0x00000000ebc80000)
  to   space 2560K, 0% used [0x00000000ecb80000,0x00000000ecb80000,0x00000000ece00000)
 ParOldGen       total 40960K, used 1566K [0x00000000c0000000, 0x00000000c2800000, 0x00000000eab00000)
  object space 40960K, 3% used [0x00000000c0000000,0x00000000c01878a8,0x00000000c2800000)
 Metaspace       used 6007K, capacity 6968K, committed 7040K, reserved 1056768K
  class space    used 608K, capacity 624K, committed 640K, reserved 1048576K
Event: 5.132 GC heap after
Heap after GC invocations=2 (full 0):
 PSYoungGen      total 33280K, used 2528K [0x00000000eab00000, 0x00000000ece00000, 0x0000000100000000)
  eden space 30720K, 0% used [0x00000000eab00000,0x00000000eab00000,0x00000000ec900000)
  from space 2560K, 98% used [0x00000000ecb80000,0x00000000ecdf8038,0x00000000ece00000)
  to   space 2560K, 0% used [0x00000000ec900000,0x00000000ec900000,0x00000000ecb80000)
 ParOldGen       total 40960K, used 3432K [0x00000000c0000000, 0x00000000c2800000, 0x00000000eab00000)
  object space 40960K, 8% used [0x00000000c0000000,0x00000000c035a0e0,0x00000000c2800000)
 Metaspace       used 6007K, capacity 6968K, committed 7040K, reserved 1056768K
  class space    used 608K, capacity 624K, committed 640K, reserved 1048576K
}

Deoptimization events (10 events):
Event: 3.344 Thread 0x00000000562c3800 Uncommon trap: reason=bimorphic action=maybe_recompile pc=0x000000000257ddcc method=java.util.HashMap.getNode(ILjava/lang/Object;)Ljava/util/HashMap$Node; @ 126
Event: 3.344 Thread 0x00000000562c3800 Uncommon trap: reason=bimorphic action=maybe_recompile pc=0x000000000257ddcc method=java.util.HashMap.getNode(ILjava/lang/Object;)Ljava/util/HashMap$Node; @ 126
Event: 3.344 Thread 0x00000000562c3800 Uncommon trap: reason=bimorphic action=maybe_recompile pc=0x00000000026b3138 method=java.util.HashMap.getNode(ILjava/lang/Object;)Ljava/util/HashMap$Node; @ 126
Event: 3.509 Thread 0x00000000562c3800 Uncommon trap: reason=unstable_if action=reinterpret pc=0x00000000025cd004 method=com.android.dx.rop.cst.Constant.compareTo(Lcom/android/dx/rop/cst/Constant;)I @ 12
Event: 3.674 Thread 0x00000000562cd800 Uncommon trap: reason=unstable_if action=reinterpret pc=0x0000000002661b18 method=com.android.dx.rop.code.RegisterSpecSet.put(Lcom/android/dx/rop/code/RegisterSpec;)V @ 77
Event: 5.056 Thread 0x00000000562c3800 Uncommon trap: reason=bimorphic action=maybe_recompile pc=0x000000000280b0bc method=com.android.dx.cf.code.BytecodeArray.parseInstruction(ILcom/android/dx/cf/code/BytecodeArray$Visitor;)I @ 2281
Event: 5.056 Thread 0x00000000562c3800 Uncommon trap: reason=bimorphic action=maybe_recompile pc=0x000000000280b0bc method=com.android.dx.cf.code.BytecodeArray.parseInstruction(ILcom/android/dx/cf/code/BytecodeArray$Visitor;)I @ 2281
Event: 5.056 Thread 0x00000000562c3800 Uncommon trap: reason=bimorphic action=maybe_recompile pc=0x000000000280b0bc method=com.android.dx.cf.code.BytecodeArray.parseInstruction(ILcom/android/dx/cf/code/BytecodeArray$Visitor;)I @ 2281
Event: 5.059 Thread 0x00000000562c3800 Uncommon trap: reason=bimorphic action=maybe_recompile pc=0x000000000280b0bc method=com.android.dx.cf.code.BytecodeArray.parseInstruction(ILcom/android/dx/cf/code/BytecodeArray$Visitor;)I @ 2281
Event: 5.193 Thread 0x00000000562cd800 Uncommon trap: reason=null_check action=make_not_entrant pc=0x00000000025d0590 method=com.android.dx.rop.type.Type.equals(Ljava/lang/Object;)Z @ 8

Internal exceptions (3 events):
Event: 0.205 Thread 0x0000000001da8800 Exception <a 'java/lang/NoSuchMethodError': Method sun.misc.Unsafe.defineClass(Ljava/lang/String;[BII)Ljava/lang/Class; name or signature does not match> (0x00000000eab07ca8) thrown at [C:\re\workspace\8-2-build-windows-amd64-cygwin\jdk8u131\8869\hotspot\
Event: 0.205 Thread 0x0000000001da8800 Exception <a 'java/lang/NoSuchMethodError': Method sun.misc.Unsafe.prefetchRead(Ljava/lang/Object;J)V name or signature does not match> (0x00000000eab07f90) thrown at [C:\re\workspace\8-2-build-windows-amd64-cygwin\jdk8u131\8869\hotspot\src\share\vm\prims
Event: 5.193 Thread 0x00000000562cd800 Implicit null exception at 0x00000000025d0492 to 0x00000000025d0582

Events (10 events):
Event: 5.059 Thread 0x00000000562c3800 Uncommon trap: trap_request=0xffffffc6 fr.pc=0x000000000280b0bc
Event: 5.059 Thread 0x00000000562c3800 DEOPT PACKING pc=0x000000000280b0bc sp=0x00000000572ae780
Event: 5.059 Thread 0x00000000562c3800 DEOPT UNPACKING pc=0x000000000239582a sp=0x00000000572ae710 mode 2
Event: 5.075 Executing VM operation: ParallelGCFailedAllocation
Event: 5.132 Executing VM operation: ParallelGCFailedAllocation done
Event: 5.147 loading class com/android/dx/cf/code/SwitchList
Event: 5.147 loading class com/android/dx/cf/code/SwitchList done
Event: 5.193 Thread 0x00000000562cd800 Uncommon trap: trap_request=0xfffffff4 fr.pc=0x00000000025d0590
Event: 5.193 Thread 0x00000000562cd800 DEOPT PACKING pc=0x00000000025d0590 sp=0x00000000576ae1c0
Event: 5.193 Thread 0x00000000562cd800 DEOPT UNPACKING pc=0x000000000239582a sp=0x00000000576ae148 mode 2


Dynamic libraries:
0x000000013f490000 - 0x000000013f4c7000 	C:\Program Files\Java\jdk1.8.0_131\bin\java.exe
0x0000000077510000 - 0x00000000776b9000 	C:\Windows\SYSTEM32\ntdll.dll
0x00000000773f0000 - 0x000000007750f000 	C:\Windows\system32\kernel32.dll
0x000007fefd510000 - 0x000007fefd57b000 	C:\Windows\system32\KERNELBASE.dll
0x000007fefdf50000 - 0x000007fefe02b000 	C:\Windows\system32\ADVAPI32.dll
0x000007feff620000 - 0x000007feff6bf000 	C:\Windows\system32\msvcrt.dll
0x000007fefdf30000 - 0x000007fefdf4f000 	C:\Windows\SYSTEM32\sechost.dll
0x000007fefe030000 - 0x000007fefe15d000 	C:\Windows\system32\RPCRT4.dll
0x00000000772f0000 - 0x00000000773ea000 	C:\Windows\system32\USER32.dll
0x000007fefdc30000 - 0x000007fefdc97000 	C:\Windows\system32\GDI32.dll
0x000007fefdf00000 - 0x000007fefdf0e000 	C:\Windows\system32\LPK.dll
0x000007fefdd20000 - 0x000007fefdde9000 	C:\Windows\system32\USP10.dll
0x000007fefbc20000 - 0x000007fefbe14000 	C:\Windows\WinSxS\amd64_microsoft.windows.common-controls_6595b64144ccf1df_6.0.7601.17514_none_fa396087175ac9ac\COMCTL32.dll
0x000007fefdca0000 - 0x000007fefdd11000 	C:\Windows\system32\SHLWAPI.dll
0x000007fefe200000 - 0x000007fefe22e000 	C:\Windows\system32\IMM32.DLL
0x000007fefddf0000 - 0x000007fefdef9000 	C:\Windows\system32\MSCTF.dll
0x00000000732a0000 - 0x0000000073372000 	C:\Program Files\Java\jdk1.8.0_131\jre\bin\msvcr100.dll
0x0000000072a00000 - 0x000000007329c000 	C:\Program Files\Java\jdk1.8.0_131\jre\bin\server\jvm.dll
0x000007fef5110000 - 0x000007fef5119000 	C:\Windows\system32\WSOCK32.dll
0x000007fefd890000 - 0x000007fefd8dd000 	C:\Windows\system32\WS2_32.dll
0x000007feff430000 - 0x000007feff438000 	C:\Windows\system32\NSI.dll
0x000007fef9970000 - 0x000007fef99ab000 	C:\Windows\system32\WINMM.dll
0x000007fefc590000 - 0x000007fefc59c000 	C:\Windows\system32\VERSION.dll
0x00000000776e0000 - 0x00000000776e7000 	C:\Windows\system32\PSAPI.DLL
0x0000000074340000 - 0x000000007434f000 	C:\Program Files\Java\jdk1.8.0_131\jre\bin\verify.dll
0x00000000740e0000 - 0x0000000074109000 	C:\Program Files\Java\jdk1.8.0_131\jre\bin\java.dll
0x00000000740c0000 - 0x00000000740d6000 	C:\Program Files\Java\jdk1.8.0_131\jre\bin\zip.dll
0x000007fefe230000 - 0x000007fefefb8000 	C:\Windows\system32\SHELL32.dll
0x000007feff220000 - 0x000007feff423000 	C:\Windows\system32\ole32.dll
0x000007fefd460000 - 0x000007fefd46f000 	C:\Windows\system32\profapi.dll

VM Arguments:
jvm_args: -Djava.awt.headless=true -Xmx1024M -Dfile.encoding=windows-1252 -Duser.country=IN -Duser.language=en -Duser.variant 
java_command: com.android.dx.command.Main --dex --num-threads=4 --output D:\DK-HP-PA-2000AR\Laboratory\Ignite\PizzaApp\android\app\build\intermediates\pre-dexed\debug\com.facebook.fresco-drawee-1.0.1_d01d133843c50257fa7db92d1c2122e9a6c56852.jar D:\DK-HP-PA-2000AR\Laboratory\Ignite\PizzaApp\android\app\build\intermediates\exploded-aar\com.facebook.fresco\drawee\1.0.1\jars\classes.jar
java_class_path (initial): C:\Programs\Android_SDK_Minimum\build-tools\25.0.2\lib\dx.jar
Launcher Type: SUN_STANDARD

Environment Variables:
JAVA_HOME=C:\Program Files\Java\jdk1.8.0_131
CLASSPATH=D:\DK-HP-PA-2000AR\Laboratory\Ignite\PizzaApp\android\\gradle\wrapper\gradle-wrapper.jar
PATH=C:\Program Files\ConEmu\ConEmu\Scripts;C:\Program Files\ConEmu;C:\Program Files\ConEmu\ConEmu;C:\Programs\Go_repository\bin;C:\Programs\Ruby24-x64\bin;C:\Programs\Python27\Lib\site-packages\PyQt4;C:\Programs\wget-1.19.1-win64;C:\Programs\repo;C:\Program Files\cURL\bin;C:\Programs\MinGW\bin;C:\Programs;C:\Programs\apache-ant-1.10.1\bin;C:\Program Files\WinRAR;C:\Programs\apktool;C:\Programs\Android_SDK_Minimum\platform-tools;C:\Programs\Android_SDK_Minimum\tools;C:\Program Files\Notepad++;C:\Program Files (x86)\Yarn\bin;C:\Programs\apache-maven-3.5.0\bin;C:\Programs\sst27;C:\Programs\php-7.1.3-nts-Win32-VC14-x64;C:\Program Files (x86)\GnuWin32\bin;C:\Program Files\Java\jdk1.8.0_131\bin;C:\Programs\Axel2.4;C:\Programs\gradle-4.1-milestone-1\bin;C:\Windows\system32;C:\Windows;C:\Windows\System32\Wbem;C:\Windows\System32\WindowsPowerShell\v1.0\;C:\Program Files\Git\cmd;C:\Program Files (x86)\WinSCP\;C:\Program Files (x86)\GNU\GnuPG\pub;C:\Programs\Python27;C:\Programs\Python27\DLLs;C:\Programs\Python27\Scripts;C:\Programs\Python27\Lib\site-packages\vtk;C:\Programs\Python27\gnuplot\binary;C:\Programs\Python27\Lib\site-packages\osgeo;C:\Program Files (x86)\pythonxy\swig;C:\Program Files (x86)\pythonxy\gettext\bin;C:\Program Files\nodejs\;C:\Programs\Go\bin;C:\Users\dk7\AppData\Local\Yarn\bin;C:\Users\dk7\AppData\Roaming\npm
USERNAME=dk7
OS=Windows_NT
PROCESSOR_IDENTIFIER=Intel64 Family 6 Model 37 Stepping 5, GenuineIntel



---------------  S Y S T E M  ---------------

OS: Windows 7 , 64 bit Build 7601 (6.1.7601.17514)

CPU:total 4 (initial active 4) (2 cores per cpu, 2 threads per core) family 6 model 37 stepping 5, cmov, cx8, fxsr, mmx, sse, sse2, sse3, ssse3, sse4.1, sse4.2, popcnt, ht, tsc, tscinvbit

Memory: 4k page, physical 3857104k(45740k free), swap 5419172k(4196k free)

vm_info: Java HotSpot(TM) 64-Bit Server VM (25.131-b11) for windows-amd64 JRE (1.8.0_131-b11), built on Mar 15 2017 01:23:53 by "java_re" with MS VC++ 10.0 (VS2010)

time: Thu Jul 20 12:10:39 2017
elapsed time: 9 seconds (0d 0h 0m 9s)

