#
# There is insufficient memory for the Java Runtime Environment to continue.
# Native memory allocation (malloc) failed to allocate 32744 bytes for ChunkPool::allocate
# Possible reasons:
#   The system is out of physical RAM or swap space
#   In 32 bit mode, the process size limit was hit
# Possible solutions:
#   Reduce memory load on the system
#   Increase physical memory or swap space
#   Check if swap backing store is full
#   Use 64 bit Java on a 64 bit OS
#   Decrease Java heap size (-Xmx/-Xms)
#   Decrease number of Java threads
#   Decrease Java thread stack sizes (-Xss)
#   Set larger code cache with -XX:ReservedCodeCacheSize=
# This output file may be truncated or incomplete.
#
#  Out of Memory Error (allocation.cpp:273), pid=4548, tid=0x0000000000001590
#
# JRE version: Java(TM) SE Runtime Environment (8.0_131-b11) (build 1.8.0_131-b11)
# Java VM: Java HotSpot(TM) 64-Bit Server VM (25.131-b11 mixed mode windows-amd64 compressed oops)
# Failed to write core dump. Minidumps are not enabled by default on client versions of Windows
#

---------------  T H R E A D  ---------------

Current thread (0x000000005608b000):  JavaThread "C2 CompilerThread1" daemon [_thread_in_native, id=5520, stack(0x0000000056ac0000,0x0000000056bc0000)]

Stack: [0x0000000056ac0000,0x0000000056bc0000]
[error occurred during error reporting (printing stack bounds), id 0xc0000005]

Native frames: (J=compiled Java code, j=interpreted, Vv=VM code, C=native code)


Current CompileTask:
C2:   7186 1062       4       com.android.dx.ssa.SCCP::simulateStmt (481 bytes)


---------------  P R O C E S S  ---------------

Java Threads: ( => current thread )
  0x000000005629a800 JavaThread "pool-1-thread-4" [_thread_blocked, id=3080, stack(0x00000000576d0000,0x00000000577d0000)]
  0x0000000056276000 JavaThread "pool-1-thread-2" [_thread_blocked, id=3820, stack(0x0000000057310000,0x0000000057410000)]
  0x000000005625b000 JavaThread "pool-2-thread-1" [_thread_blocked, id=5808, stack(0x0000000057150000,0x0000000057250000)]
  0x0000000056106000 JavaThread "Service Thread" daemon [_thread_blocked, id=4932, stack(0x0000000056bd0000,0x0000000056cd0000)]
  0x0000000054e55000 JavaThread "C1 CompilerThread2" daemon [_thread_in_native, id=2884, stack(0x0000000056810000,0x0000000056910000)]
=>0x000000005608b000 JavaThread "C2 CompilerThread1" daemon [_thread_in_native, id=5520, stack(0x0000000056ac0000,0x0000000056bc0000)]
  0x0000000056085000 JavaThread "C2 CompilerThread0" daemon [_thread_in_native, id=4164, stack(0x0000000056990000,0x0000000056a90000)]
  0x0000000056080800 JavaThread "Attach Listener" daemon [_thread_blocked, id=5816, stack(0x00000000566a0000,0x00000000567a0000)]
  0x0000000054e53000 JavaThread "Signal Dispatcher" daemon [_thread_blocked, id=4276, stack(0x00000000564f0000,0x00000000565f0000)]
  0x0000000054e3b800 JavaThread "Finalizer" daemon [_thread_blocked, id=4664, stack(0x0000000055f80000,0x0000000056080000)]
  0x0000000054df4000 JavaThread "Reference Handler" daemon [_thread_blocked, id=5612, stack(0x0000000055c50000,0x0000000055d50000)]
  0x0000000001d48800 JavaThread "main" [_thread_blocked, id=6784, stack(0x00000000020e0000,0x00000000021e0000)]

Other Threads:
  0x0000000054dec000 VMThread [stack: 0x0000000055dc0000,0x0000000055ec0000] [id=5248]
  0x000000005610d800 WatcherThread [stack: 0x0000000056d70000,0x0000000056e70000] [id=2740]

VM state:at safepoint (normal execution)

VM Mutex/Monitor currently owned by a thread:  ([mutex/lock_event])
[0x0000000001ebe850] Threads_lock - owner thread: 0x0000000054dec000
[0x0000000001ebed50] Heap_lock - owner thread: 0x000000005629a800

Heap:
 PSYoungGen      total 33280K, used 33248K [0x00000000eab00000, 0x00000000ece00000, 0x0000000100000000)
  eden space 30720K, 100% used [0x00000000eab00000,0x00000000ec900000,0x00000000ec900000)
  from space 2560K, 98% used [0x00000000ecb80000,0x00000000ecdf8218,0x00000000ece00000)
  to   space 2560K, 0% used [0x00000000ec900000,0x00000000ec900000,0x00000000ecb80000)
 ParOldGen       total 40960K, used 3985K [0x00000000c0000000, 0x00000000c2800000, 0x00000000eab00000)
  object space 40960K, 9% used [0x00000000c0000000,0x00000000c03e4688,0x00000000c2800000)
 Metaspace       used 6194K, capacity 7032K, committed 7168K, reserved 1056768K
  class space    used 643K, capacity 688K, committed 768K, reserved 1048576K

Card table byte_map: [0x0000000011870000,0x0000000011a80000] byte_map_base: 0x0000000011270000

Marking Bits: (ParMarkBitMap*) 0x000000007321c720
 Begin Bits: [0x0000000012260000, 0x0000000013260000)
 End Bits:   [0x0000000013260000, 0x0000000014260000)

Polling page: 0x0000000001c40000

CodeCache: size=245760Kb used=4208Kb max_used=4208Kb free=241551Kb
 bounds [0x00000000024b0000, 0x00000000028d0000, 0x00000000114b0000]
 total_blobs=1364 nmethods=1096 adapters=182
 compilation: enabled

Compilation events (10 events):
Event: 4.647 Thread 0x0000000054e55000 nmethod 1107 0x00000000028b7990 code [0x00000000028b7b00, 0x00000000028b7c48]
Event: 4.647 Thread 0x0000000054e55000 1121       2       com.android.dx.rop.type.Type::isCategory2 (36 bytes)
Event: 4.647 Thread 0x0000000054e55000 nmethod 1121 0x00000000028cb350 code [0x00000000028cb4a0, 0x00000000028cb610]
Event: 4.647 Thread 0x0000000054e55000 1113       3       com.android.dx.rop.type.Prototype::withFirstParameter (68 bytes)
Event: 4.648 Thread 0x0000000054e55000 nmethod 1113 0x00000000028cb690 code [0x00000000028cb8c0, 0x00000000028cc498]
Event: 4.648 Thread 0x0000000054e55000 1102       2       com.android.dx.rop.code.RegisterSpec::withSimpleType (59 bytes)
Event: 4.648 Thread 0x0000000054e55000 nmethod 1102 0x00000000028cc9d0 code [0x00000000028ccb60, 0x00000000028cce08]
Event: 4.648 Thread 0x0000000054e55000 1128       2       com.android.dx.cf.code.BasicBlocker::visitNoArgs (298 bytes)
Event: 4.650 Thread 0x0000000054e55000 nmethod 1128 0x00000000028ccf50 code [0x00000000028cd140, 0x00000000028cd758]
Event: 4.650 Thread 0x0000000054e55000 1129       2       com.android.dx.cf.code.Simulator$SimVisitor::visitNoArgs (2136 bytes)

GC Heap History (5 events):
Event: 1.852 GC heap before
{Heap before GC invocations=1 (full 0):
 PSYoungGen      total 17920K, used 15360K [0x00000000eab00000, 0x00000000ebf00000, 0x0000000100000000)
  eden space 15360K, 100% used [0x00000000eab00000,0x00000000eba00000,0x00000000eba00000)
  from space 2560K, 0% used [0x00000000ebc80000,0x00000000ebc80000,0x00000000ebf00000)
  to   space 2560K, 0% used [0x00000000eba00000,0x00000000eba00000,0x00000000ebc80000)
 ParOldGen       total 40960K, used 0K [0x00000000c0000000, 0x00000000c2800000, 0x00000000eab00000)
  object space 40960K, 0% used [0x00000000c0000000,0x00000000c0000000,0x00000000c2800000)
 Metaspace       used 5847K, capacity 6744K, committed 6912K, reserved 1056768K
  class space    used 621K, capacity 656K, committed 768K, reserved 1048576K
Event: 2.185 GC heap after
Heap after GC invocations=1 (full 0):
 PSYoungGen      total 17920K, used 2555K [0x00000000eab00000, 0x00000000ece00000, 0x0000000100000000)
  eden space 15360K, 0% used [0x00000000eab00000,0x00000000eab00000,0x00000000eba00000)
  from space 2560K, 99% used [0x00000000eba00000,0x00000000ebc7eca8,0x00000000ebc80000)
  to   space 2560K, 0% used [0x00000000ecb80000,0x00000000ecb80000,0x00000000ece00000)
 ParOldGen       total 40960K, used 1687K [0x00000000c0000000, 0x00000000c2800000, 0x00000000eab00000)
  object space 40960K, 4% used [0x00000000c0000000,0x00000000c01a5ef0,0x00000000c2800000)
 Metaspace       used 5847K, capacity 6744K, committed 6912K, reserved 1056768K
  class space    used 621K, capacity 656K, committed 768K, reserved 1048576K
}
Event: 3.324 GC heap before
{Heap before GC invocations=2 (full 0):
 PSYoungGen      total 17920K, used 17915K [0x00000000eab00000, 0x00000000ece00000, 0x0000000100000000)
  eden space 15360K, 100% used [0x00000000eab00000,0x00000000eba00000,0x00000000eba00000)
  from space 2560K, 99% used [0x00000000eba00000,0x00000000ebc7eca8,0x00000000ebc80000)
  to   space 2560K, 0% used [0x00000000ecb80000,0x00000000ecb80000,0x00000000ece00000)
 ParOldGen       total 40960K, used 1687K [0x00000000c0000000, 0x00000000c2800000, 0x00000000eab00000)
  object space 40960K, 4% used [0x00000000c0000000,0x00000000c01a5ef0,0x00000000c2800000)
 Metaspace       used 6021K, capacity 6936K, committed 7168K, reserved 1056768K
  class space    used 622K, capacity 656K, committed 768K, reserved 1048576K
Event: 3.967 GC heap after
Heap after GC invocations=2 (full 0):
 PSYoungGen      total 33280K, used 2528K [0x00000000eab00000, 0x00000000ece00000, 0x0000000100000000)
  eden space 30720K, 0% used [0x00000000eab00000,0x00000000eab00000,0x00000000ec900000)
  from space 2560K, 98% used [0x00000000ecb80000,0x00000000ecdf8218,0x00000000ece00000)
  to   space 2560K, 0% used [0x00000000ec900000,0x00000000ec900000,0x00000000ecb80000)
 ParOldGen       total 40960K, used 3985K [0x00000000c0000000, 0x00000000c2800000, 0x00000000eab00000)
  object space 40960K, 9% used [0x00000000c0000000,0x00000000c03e4688,0x00000000c2800000)
 Metaspace       used 6021K, capacity 6936K, committed 7168K, reserved 1056768K
  class space    used 622K, capacity 656K, committed 768K, reserved 1048576K
}
Event: 4.743 GC heap before
{Heap before GC invocations=3 (full 0):
 PSYoungGen      total 33280K, used 33248K [0x00000000eab00000, 0x00000000ece00000, 0x0000000100000000)
  eden space 30720K, 100% used [0x00000000eab00000,0x00000000ec900000,0x00000000ec900000)
  from space 2560K, 98% used [0x00000000ecb80000,0x00000000ecdf8218,0x00000000ece00000)
  to   space 2560K, 0% used [0x00000000ec900000,0x00000000ec900000,0x00000000ecb80000)
 ParOldGen       total 40960K, used 3985K [0x00000000c0000000, 0x00000000c2800000, 0x00000000eab00000)
  object space 40960K, 9% used [0x00000000c0000000,0x00000000c03e4688,0x00000000c2800000)
 Metaspace       used 6194K, capacity 7032K, committed 7168K, reserved 1056768K
  class space    used 643K, capacity 688K, committed 768K, reserved 1048576K

Deoptimization events (10 events):
Event: 2.456 Thread 0x000000005629a800 Uncommon trap: reason=null_check action=make_not_entrant pc=0x0000000002740d98 method=com.android.dx.ssa.SsaRenamer.getLocalForNewReg(I)Lcom/android/dx/rop/code/LocalItem; @ 19
Event: 2.667 Thread 0x0000000056276000 Uncommon trap: reason=unstable_if action=reinterpret pc=0x00000000026dcde4 method=java.util.BitSet.ensureCapacity(I)V @ 6
Event: 2.903 Thread 0x0000000056257800 Uncommon trap: reason=bimorphic action=maybe_recompile pc=0x0000000002682ecc method=java.util.HashMap.getNode(ILjava/lang/Object;)Ljava/util/HashMap$Node; @ 126
Event: 2.904 Thread 0x0000000056257800 Uncommon trap: reason=bimorphic action=maybe_recompile pc=0x0000000002682ecc method=java.util.HashMap.getNode(ILjava/lang/Object;)Ljava/util/HashMap$Node; @ 126
Event: 2.915 Thread 0x0000000056257800 Uncommon trap: reason=bimorphic action=maybe_recompile pc=0x0000000002682ecc method=java.util.HashMap.getNode(ILjava/lang/Object;)Ljava/util/HashMap$Node; @ 126
Event: 2.915 Thread 0x0000000056257800 Uncommon trap: reason=bimorphic action=maybe_recompile pc=0x0000000002682ecc method=java.util.HashMap.getNode(ILjava/lang/Object;)Ljava/util/HashMap$Node; @ 126
Event: 2.916 Thread 0x0000000056257800 Uncommon trap: reason=bimorphic action=maybe_recompile pc=0x000000000268078c method=java.util.HashMap.getNode(ILjava/lang/Object;)Ljava/util/HashMap$Node; @ 126
Event: 4.468 Thread 0x0000000056276000 Uncommon trap: reason=unstable_if action=reinterpret pc=0x0000000002760604 method=java.util.HashMap.putVal(ILjava/lang/Object;Ljava/lang/Object;ZZ)Ljava/lang/Object; @ 162
Event: 4.491 Thread 0x0000000056276000 Uncommon trap: reason=unstable_if action=reinterpret pc=0x00000000028aabbc method=java.util.HashMap.getNode(ILjava/lang/Object;)Ljava/util/HashMap$Node; @ 84
Event: 4.498 Thread 0x0000000056276000 Uncommon trap: reason=unstable_if action=reinterpret pc=0x00000000028a7044 method=java.util.HashMap.getNode(ILjava/lang/Object;)Ljava/util/HashMap$Node; @ 84

Internal exceptions (6 events):
Event: 0.181 Thread 0x0000000001d48800 Exception <a 'java/lang/NoSuchMethodError': Method sun.misc.Unsafe.defineClass(Ljava/lang/String;[BII)Ljava/lang/Class; name or signature does not match> (0x00000000eab07ca8) thrown at [C:\re\workspace\8-2-build-windows-amd64-cygwin\jdk8u131\8869\hotspot\
Event: 0.181 Thread 0x0000000001d48800 Exception <a 'java/lang/NoSuchMethodError': Method sun.misc.Unsafe.prefetchRead(Ljava/lang/Object;J)V name or signature does not match> (0x00000000eab07f90) thrown at [C:\re\workspace\8-2-build-windows-amd64-cygwin\jdk8u131\8869\hotspot\src\share\vm\prims
Event: 2.456 Thread 0x000000005629a800 Implicit null exception at 0x000000000273f59f to 0x0000000002740d51
Event: 4.489 Thread 0x0000000056276000 Exception <a 'java/lang/ArrayIndexOutOfBoundsException': 18> (0x00000000ebc62390) thrown at [C:\re\workspace\8-2-build-windows-amd64-cygwin\jdk8u131\8869\hotspot\src\share\vm\interpreter\interpreterRuntime.cpp, line 366]
Event: 4.489 Thread 0x0000000056276000 Exception <a 'java/lang/ArrayIndexOutOfBoundsException': 145> (0x00000000ebc63f10) thrown at [C:\re\workspace\8-2-build-windows-amd64-cygwin\jdk8u131\8869\hotspot\src\share\vm\interpreter\interpreterRuntime.cpp, line 366]
Event: 4.490 Thread 0x0000000056276000 Exception <a 'java/lang/ArrayIndexOutOfBoundsException': 40> (0x00000000ebc651f8) thrown at [C:\re\workspace\8-2-build-windows-amd64-cygwin\jdk8u131\8869\hotspot\src\share\vm\interpreter\interpreterRuntime.cpp, line 366]

Events (10 events):
Event: 4.491 loading class sun/reflect/generics/reflectiveObjects/TypeVariableImpl done
Event: 4.491 Thread 0x0000000056276000 Uncommon trap: trap_request=0xffffff65 fr.pc=0x00000000028aabbc
Event: 4.491 Thread 0x0000000056276000 DEOPT PACKING pc=0x00000000028aabbc sp=0x000000005740e460
Event: 4.491 Thread 0x0000000056276000 DEOPT UNPACKING pc=0x00000000024f582a sp=0x000000005740e380 mode 2
Event: 4.498 Thread 0x0000000056276000 Uncommon trap: trap_request=0xffffff65 fr.pc=0x00000000028a7044
Event: 4.498 Thread 0x0000000056276000 DEOPT PACKING pc=0x00000000028a7044 sp=0x000000005740e410
Event: 4.498 Thread 0x0000000056276000 DEOPT UNPACKING pc=0x00000000024f582a sp=0x000000005740e3a0 mode 2
Event: 4.665 Thread 0x000000005627f000 Thread exited: 0x000000005627f000
Event: 4.676 Thread 0x0000000056257800 Thread exited: 0x0000000056257800
Event: 4.743 Executing VM operation: ParallelGCFailedAllocation


Dynamic libraries:
0x000000013f490000 - 0x000000013f4c7000 	C:\Program Files\Java\jdk1.8.0_131\bin\java.exe
0x0000000077510000 - 0x00000000776b9000 	C:\Windows\SYSTEM32\ntdll.dll
0x00000000773f0000 - 0x000000007750f000 	C:\Windows\system32\kernel32.dll
0x000007fefd510000 - 0x000007fefd57b000 	C:\Windows\system32\KERNELBASE.dll
0x000007fefdf50000 - 0x000007fefe02b000 	C:\Windows\system32\ADVAPI32.dll
0x000007feff620000 - 0x000007feff6bf000 	C:\Windows\system32\msvcrt.dll
0x000007fefdf30000 - 0x000007fefdf4f000 	C:\Windows\SYSTEM32\sechost.dll
0x000007fefe030000 - 0x000007fefe15d000 	C:\Windows\system32\RPCRT4.dll
0x00000000772f0000 - 0x00000000773ea000 	C:\Windows\system32\USER32.dll
0x000007fefdc30000 - 0x000007fefdc97000 	C:\Windows\system32\GDI32.dll
0x000007fefdf00000 - 0x000007fefdf0e000 	C:\Windows\system32\LPK.dll
0x000007fefdd20000 - 0x000007fefdde9000 	C:\Windows\system32\USP10.dll
0x000007fefbc20000 - 0x000007fefbe14000 	C:\Windows\WinSxS\amd64_microsoft.windows.common-controls_6595b64144ccf1df_6.0.7601.17514_none_fa396087175ac9ac\COMCTL32.dll
0x000007fefdca0000 - 0x000007fefdd11000 	C:\Windows\system32\SHLWAPI.dll
0x000007fefe200000 - 0x000007fefe22e000 	C:\Windows\system32\IMM32.DLL
0x000007fefddf0000 - 0x000007fefdef9000 	C:\Windows\system32\MSCTF.dll
0x00000000732a0000 - 0x0000000073372000 	C:\Program Files\Java\jdk1.8.0_131\jre\bin\msvcr100.dll
0x0000000072a00000 - 0x000000007329c000 	C:\Program Files\Java\jdk1.8.0_131\jre\bin\server\jvm.dll
0x000007fef5110000 - 0x000007fef5119000 	C:\Windows\system32\WSOCK32.dll
0x000007fefd890000 - 0x000007fefd8dd000 	C:\Windows\system32\WS2_32.dll
0x000007feff430000 - 0x000007feff438000 	C:\Windows\system32\NSI.dll
0x000007fef9970000 - 0x000007fef99ab000 	C:\Windows\system32\WINMM.dll
0x000007fefc590000 - 0x000007fefc59c000 	C:\Windows\system32\VERSION.dll
0x00000000776e0000 - 0x00000000776e7000 	C:\Windows\system32\PSAPI.DLL
0x0000000074340000 - 0x000000007434f000 	C:\Program Files\Java\jdk1.8.0_131\jre\bin\verify.dll
0x00000000740e0000 - 0x0000000074109000 	C:\Program Files\Java\jdk1.8.0_131\jre\bin\java.dll
0x00000000740c0000 - 0x00000000740d6000 	C:\Program Files\Java\jdk1.8.0_131\jre\bin\zip.dll
0x000007fefe230000 - 0x000007fefefb8000 	C:\Windows\system32\SHELL32.dll
0x000007feff220000 - 0x000007feff423000 	C:\Windows\system32\ole32.dll
0x000007fefd460000 - 0x000007fefd46f000 	C:\Windows\system32\profapi.dll

VM Arguments:
jvm_args: -Djava.awt.headless=true -Xmx1024M -Dfile.encoding=windows-1252 -Duser.country=IN -Duser.language=en -Duser.variant 
java_command: com.android.dx.command.Main --dex --num-threads=4 --output D:\DK-HP-PA-2000AR\Laboratory\Ignite\PizzaApp\android\app\build\intermediates\pre-dexed\debug\okio-1.13.0_18212e3db6e27682dad09074d7fcd81e45784cc5.jar C:\Programs\gradle-4.0-rc-3-cache\caches\modules-2\files-2.1\com.squareup.okio\okio\1.13.0\a9283170b7305c8d92d25aff02a6ab7e45d06cbe\okio-1.13.0.jar
java_class_path (initial): C:\Programs\Android_SDK_Minimum\build-tools\25.0.2\lib\dx.jar
Launcher Type: SUN_STANDARD

Environment Variables:
JAVA_HOME=C:\Program Files\Java\jdk1.8.0_131
CLASSPATH=D:\DK-HP-PA-2000AR\Laboratory\Ignite\PizzaApp\android\\gradle\wrapper\gradle-wrapper.jar
PATH=C:\Program Files\ConEmu\ConEmu\Scripts;C:\Program Files\ConEmu;C:\Program Files\ConEmu\ConEmu;C:\Programs\Go_repository\bin;C:\Programs\Ruby24-x64\bin;C:\Programs\Python27\Lib\site-packages\PyQt4;C:\Programs\wget-1.19.1-win64;C:\Programs\repo;C:\Program Files\cURL\bin;C:\Programs\MinGW\bin;C:\Programs;C:\Programs\apache-ant-1.10.1\bin;C:\Program Files\WinRAR;C:\Programs\apktool;C:\Programs\Android_SDK_Minimum\platform-tools;C:\Programs\Android_SDK_Minimum\tools;C:\Program Files\Notepad++;C:\Program Files (x86)\Yarn\bin;C:\Programs\apache-maven-3.5.0\bin;C:\Programs\sst27;C:\Programs\php-7.1.3-nts-Win32-VC14-x64;C:\Program Files (x86)\GnuWin32\bin;C:\Program Files\Java\jdk1.8.0_131\bin;C:\Programs\Axel2.4;C:\Programs\gradle-4.1-milestone-1\bin;C:\Windows\system32;C:\Windows;C:\Windows\System32\Wbem;C:\Windows\System32\WindowsPowerShell\v1.0\;C:\Program Files\Git\cmd;C:\Program Files (x86)\WinSCP\;C:\Program Files (x86)\GNU\GnuPG\pub;C:\Programs\Python27;C:\Programs\Python27\DLLs;C:\Programs\Python27\Scripts;C:\Programs\Python27\Lib\site-packages\vtk;C:\Programs\Python27\gnuplot\binary;C:\Programs\Python27\Lib\site-packages\osgeo;C:\Program Files (x86)\pythonxy\swig;C:\Program Files (x86)\pythonxy\gettext\bin;C:\Program Files\nodejs\;C:\Programs\Go\bin;C:\Users\dk7\AppData\Local\Yarn\bin;C:\Users\dk7\AppData\Roaming\npm
USERNAME=dk7
OS=Windows_NT
PROCESSOR_IDENTIFIER=Intel64 Family 6 Model 37 Stepping 5, GenuineIntel



---------------  S Y S T E M  ---------------

OS: Windows 7 , 64 bit Build 7601 (6.1.7601.17514)

CPU:total 4 (initial active 4) (2 cores per cpu, 2 threads per core) family 6 model 37 stepping 5, cmov, cx8, fxsr, mmx, sse, sse2, sse3, ssse3, sse4.1, sse4.2, popcnt, ht, tsc, tscinvbit

Memory: 4k page, physical 3857104k(46092k free), swap 5419172k(2340k free)

vm_info: Java HotSpot(TM) 64-Bit Server VM (25.131-b11) for windows-amd64 JRE (1.8.0_131-b11), built on Mar 15 2017 01:23:53 by "java_re" with MS VC++ 10.0 (VS2010)

time: Thu Jul 20 12:10:38 2017
elapsed time: 8 seconds (0d 0h 0m 8s)

