#
# There is insufficient memory for the Java Runtime Environment to continue.
# Native memory allocation (malloc) failed to allocate 78416 bytes for Chunk::new
# Possible reasons:
#   The system is out of physical RAM or swap space
#   In 32 bit mode, the process size limit was hit
# Possible solutions:
#   Reduce memory load on the system
#   Increase physical memory or swap space
#   Check if swap backing store is full
#   Use 64 bit Java on a 64 bit OS
#   Decrease Java heap size (-Xmx/-Xms)
#   Decrease number of Java threads
#   Decrease Java thread stack sizes (-Xss)
#   Set larger code cache with -XX:ReservedCodeCacheSize=
# This output file may be truncated or incomplete.
#
#  Out of Memory Error (allocation.cpp:390), pid=3476, tid=0x000000000000191c
#
# JRE version: Java(TM) SE Runtime Environment (8.0_131-b11) (build 1.8.0_131-b11)
# Java VM: Java HotSpot(TM) 64-Bit Server VM (25.131-b11 mixed mode windows-amd64 compressed oops)
# Failed to write core dump. Minidumps are not enabled by default on client versions of Windows
#

---------------  T H R E A D  ---------------

Current thread (0x00000000562c5000):  JavaThread "C2 CompilerThread0" daemon [_thread_in_native, id=6428, stack(0x0000000055e70000,0x0000000055f70000)]

Stack: [0x0000000055e70000,0x0000000055f70000]
[error occurred during error reporting (printing stack bounds), id 0xc0000005]

Native frames: (J=compiled Java code, j=interpreted, Vv=VM code, C=native code)


Current CompileTask:
C2:  18880 1777       4       java.util.HashMap::putVal (300 bytes)


---------------  P R O C E S S  ---------------

Java Threads: ( => current thread )
  0x00000000565ab800 JavaThread "pool-1-thread-4" [_thread_blocked, id=5944, stack(0x0000000056f80000,0x0000000057080000)]
  0x00000000565a7800 JavaThread "pool-1-thread-3" [_thread_blocked, id=6908, stack(0x00000000575d0000,0x00000000576d0000)]
  0x00000000565a3800 JavaThread "pool-1-thread-2" [_thread_blocked, id=6664, stack(0x00000000573d0000,0x00000000574d0000)]
  0x00000000565a2000 JavaThread "pool-2-thread-1" [_thread_blocked, id=4380, stack(0x0000000057270000,0x0000000057370000)]
  0x00000000565a1000 JavaThread "pool-1-thread-1" [_thread_blocked, id=3760, stack(0x0000000057080000,0x0000000057180000)]
  0x000000005634e000 JavaThread "Service Thread" daemon [_thread_blocked, id=2124, stack(0x0000000056cc0000,0x0000000056dc0000)]
  0x00000000562c8800 JavaThread "C1 CompilerThread2" daemon [_thread_blocked, id=6404, stack(0x0000000056af0000,0x0000000056bf0000)]
  0x00000000562c7800 JavaThread "C2 CompilerThread1" daemon [_thread_in_native, id=4592, stack(0x00000000569a0000,0x0000000056aa0000)]
=>0x00000000562c5000 JavaThread "C2 CompilerThread0" daemon [_thread_in_native, id=6428, stack(0x0000000055e70000,0x0000000055f70000)]
  0x00000000562c0800 JavaThread "Attach Listener" daemon [_thread_blocked, id=4068, stack(0x00000000567b0000,0x00000000568b0000)]
  0x0000000054d43000 JavaThread "Signal Dispatcher" daemon [_thread_blocked, id=6904, stack(0x0000000056090000,0x0000000056190000)]
  0x0000000054d2b800 JavaThread "Finalizer" daemon [_thread_blocked, id=6036, stack(0x00000000561c0000,0x00000000562c0000)]
  0x0000000054ce4000 JavaThread "Reference Handler" daemon [_thread_blocked, id=3300, stack(0x0000000055f70000,0x0000000056070000)]
  0x0000000001e58800 JavaThread "main" [_thread_in_native, id=4392, stack(0x0000000001f40000,0x0000000002040000)]

Other Threads:
  0x0000000054cdc000 VMThread [stack: 0x0000000055d70000,0x0000000055e70000] [id=5220]
  0x0000000056355800 WatcherThread [stack: 0x0000000056e40000,0x0000000056f40000] [id=3456]

VM state:not at safepoint (normal execution)

VM Mutex/Monitor currently owned by a thread: None

Heap:
 PSYoungGen      total 68096K, used 19181K [0x00000000eab00000, 0x00000000ef800000, 0x0000000100000000)
  eden space 60416K, 19% used [0x00000000eab00000,0x00000000eb69b5c8,0x00000000ee600000)
  from space 7680K, 95% used [0x00000000eee80000,0x00000000ef5a0038,0x00000000ef600000)
  to   space 8704K, 0% used [0x00000000ee600000,0x00000000ee600000,0x00000000eee80000)
 ParOldGen       total 40960K, used 12371K [0x00000000c0000000, 0x00000000c2800000, 0x00000000eab00000)
  object space 40960K, 30% used [0x00000000c0000000,0x00000000c0c14ef8,0x00000000c2800000)
 Metaspace       used 6402K, capacity 7128K, committed 7424K, reserved 1056768K
  class space    used 620K, capacity 656K, committed 768K, reserved 1048576K

Card table byte_map: [0x00000000116d0000,0x00000000118e0000] byte_map_base: 0x00000000110d0000

Marking Bits: (ParMarkBitMap*) 0x000000007321c720
 Begin Bits: [0x0000000012150000, 0x0000000013150000)
 End Bits:   [0x0000000013150000, 0x0000000014150000)

Polling page: 0x0000000000110000

CodeCache: size=245760Kb used=7040Kb max_used=7052Kb free=238719Kb
 bounds [0x0000000002310000, 0x0000000002a10000, 0x0000000011310000]
 total_blobs=1971 nmethods=1703 adapters=181
 compilation: enabled

Compilation events (10 events):
Event: 16.017 Thread 0x00000000562c8800 1776       3       com.android.dx.cf.direct.AnnotationParser::requireLength (22 bytes)
Event: 16.018 Thread 0x00000000562c8800 nmethod 1776 0x00000000029acd90 code [0x00000000029acf20, 0x00000000029ad318]
Event: 16.067 Thread 0x00000000562c5000 nmethod 1749 0x00000000029ecc10 code [0x00000000029ed1a0, 0x00000000029f2840]
Event: 16.127 Thread 0x00000000562c7800 nmethod 1748 0x00000000029f9d10 code [0x00000000029fa8a0, 0x00000000029fe080]
Event: 16.323 Thread 0x00000000562c5000 1777       4       java.util.HashMap::putVal (300 bytes)
Event: 16.330 Thread 0x00000000562c7800 1781       4       com.android.dx.rop.cst.CstString::stringToUtf8Bytes (175 bytes)
Event: 16.330 Thread 0x00000000562c8800 1785       3       com.android.dx.rop.code.CstInsn::contentEquals (31 bytes)
Event: 16.330 Thread 0x00000000562c8800 nmethod 1785 0x00000000029aef50 code [0x00000000029af0e0, 0x00000000029af558]
Event: 16.342 Thread 0x00000000562c8800 1795   !   2       com.android.dx.dex.file.UniformListItem::getAlignment (40 bytes)
Event: 16.343 Thread 0x00000000562c8800 nmethod 1795 0x00000000029ae890 code [0x00000000029aea20, 0x00000000029aed48]

GC Heap History (10 events):
Event: 10.546 GC heap before
{Heap before GC invocations=2 (full 0):
 PSYoungGen      total 17920K, used 17896K [0x00000000eab00000, 0x00000000ebf00000, 0x0000000100000000)
  eden space 15360K, 100% used [0x00000000eab00000,0x00000000eba00000,0x00000000eba00000)
  from space 2560K, 99% used [0x00000000eba00000,0x00000000ebc7a098,0x00000000ebc80000)
  to   space 2560K, 0% used [0x00000000ebc80000,0x00000000ebc80000,0x00000000ebf00000)
 ParOldGen       total 40960K, used 1092K [0x00000000c0000000, 0x00000000c2800000, 0x00000000eab00000)
  object space 40960K, 2% used [0x00000000c0000000,0x00000000c01113d8,0x00000000c2800000)
 Metaspace       used 6076K, capacity 6936K, committed 7168K, reserved 1056768K
  class space    used 619K, capacity 656K, committed 768K, reserved 1048576K
Event: 10.578 GC heap after
Heap after GC invocations=2 (full 0):
 PSYoungGen      total 17920K, used 2544K [0x00000000eab00000, 0x00000000ece00000, 0x0000000100000000)
  eden space 15360K, 0% used [0x00000000eab00000,0x00000000eab00000,0x00000000eba00000)
  from space 2560K, 99% used [0x00000000ebc80000,0x00000000ebefc028,0x00000000ebf00000)
  to   space 2560K, 0% used [0x00000000eba00000,0x00000000eba00000,0x00000000ebc80000)
 ParOldGen       total 40960K, used 2760K [0x00000000c0000000, 0x00000000c2800000, 0x00000000eab00000)
  object space 40960K, 6% used [0x00000000c0000000,0x00000000c02b23b0,0x00000000c2800000)
 Metaspace       used 6076K, capacity 6936K, committed 7168K, reserved 1056768K
  class space    used 619K, capacity 656K, committed 768K, reserved 1048576K
}
Event: 10.981 GC heap before
{Heap before GC invocations=3 (full 0):
 PSYoungGen      total 17920K, used 17904K [0x00000000eab00000, 0x00000000ece00000, 0x0000000100000000)
  eden space 15360K, 100% used [0x00000000eab00000,0x00000000eba00000,0x00000000eba00000)
  from space 2560K, 99% used [0x00000000ebc80000,0x00000000ebefc028,0x00000000ebf00000)
  to   space 2560K, 0% used [0x00000000eba00000,0x00000000eba00000,0x00000000ebc80000)
 ParOldGen       total 40960K, used 2760K [0x00000000c0000000, 0x00000000c2800000, 0x00000000eab00000)
  object space 40960K, 6% used [0x00000000c0000000,0x00000000c02b23b0,0x00000000c2800000)
 Metaspace       used 6254K, capacity 7064K, committed 7424K, reserved 1056768K
  class space    used 620K, capacity 656K, committed 768K, reserved 1048576K
Event: 11.035 GC heap after
Heap after GC invocations=3 (full 0):
 PSYoungGen      total 17920K, used 2544K [0x00000000eab00000, 0x00000000ece00000, 0x0000000100000000)
  eden space 15360K, 0% used [0x00000000eab00000,0x00000000eab00000,0x00000000eba00000)
  from space 2560K, 99% used [0x00000000eba00000,0x00000000ebc7c028,0x00000000ebc80000)
  to   space 2560K, 0% used [0x00000000ecb80000,0x00000000ecb80000,0x00000000ece00000)
 ParOldGen       total 40960K, used 5217K [0x00000000c0000000, 0x00000000c2800000, 0x00000000eab00000)
  object space 40960K, 12% used [0x00000000c0000000,0x00000000c0518708,0x00000000c2800000)
 Metaspace       used 6254K, capacity 7064K, committed 7424K, reserved 1056768K
  class space    used 620K, capacity 656K, committed 768K, reserved 1048576K
}
Event: 11.192 GC heap before
{Heap before GC invocations=4 (full 0):
 PSYoungGen      total 17920K, used 17904K [0x00000000eab00000, 0x00000000ece00000, 0x0000000100000000)
  eden space 15360K, 100% used [0x00000000eab00000,0x00000000eba00000,0x00000000eba00000)
  from space 2560K, 99% used [0x00000000eba00000,0x00000000ebc7c028,0x00000000ebc80000)
  to   space 2560K, 0% used [0x00000000ecb80000,0x00000000ecb80000,0x00000000ece00000)
 ParOldGen       total 40960K, used 5217K [0x00000000c0000000, 0x00000000c2800000, 0x00000000eab00000)
  object space 40960K, 12% used [0x00000000c0000000,0x00000000c0518708,0x00000000c2800000)
 Metaspace       used 6282K, capacity 7064K, committed 7424K, reserved 1056768K
  class space    used 620K, capacity 656K, committed 768K, reserved 1048576K
Event: 11.241 GC heap after
Heap after GC invocations=4 (full 0):
 PSYoungGen      total 33280K, used 2544K [0x00000000eab00000, 0x00000000ece00000, 0x0000000100000000)
  eden space 30720K, 0% used [0x00000000eab00000,0x00000000eab00000,0x00000000ec900000)
  from space 2560K, 99% used [0x00000000ecb80000,0x00000000ecdfc028,0x00000000ece00000)
  to   space 2560K, 0% used [0x00000000ec900000,0x00000000ec900000,0x00000000ecb80000)
 ParOldGen       total 40960K, used 7548K [0x00000000c0000000, 0x00000000c2800000, 0x00000000eab00000)
  object space 40960K, 18% used [0x00000000c0000000,0x00000000c075f330,0x00000000c2800000)
 Metaspace       used 6282K, capacity 7064K, committed 7424K, reserved 1056768K
  class space    used 620K, capacity 656K, committed 768K, reserved 1048576K
}
Event: 13.870 GC heap before
{Heap before GC invocations=5 (full 0):
 PSYoungGen      total 33280K, used 33264K [0x00000000eab00000, 0x00000000ece00000, 0x0000000100000000)
  eden space 30720K, 100% used [0x00000000eab00000,0x00000000ec900000,0x00000000ec900000)
  from space 2560K, 99% used [0x00000000ecb80000,0x00000000ecdfc028,0x00000000ece00000)
  to   space 2560K, 0% used [0x00000000ec900000,0x00000000ec900000,0x00000000ecb80000)
 ParOldGen       total 40960K, used 7548K [0x00000000c0000000, 0x00000000c2800000, 0x00000000eab00000)
  object space 40960K, 18% used [0x00000000c0000000,0x00000000c075f330,0x00000000c2800000)
 Metaspace       used 6387K, capacity 7128K, committed 7424K, reserved 1056768K
  class space    used 620K, capacity 656K, committed 768K, reserved 1048576K
Event: 14.620 GC heap after
Heap after GC invocations=5 (full 0):
 PSYoungGen      total 33280K, used 2528K [0x00000000eab00000, 0x00000000ef600000, 0x0000000100000000)
  eden space 30720K, 0% used [0x00000000eab00000,0x00000000eab00000,0x00000000ec900000)
  from space 2560K, 98% used [0x00000000ec900000,0x00000000ecb78058,0x00000000ecb80000)
  to   space 7680K, 0% used [0x00000000eee80000,0x00000000eee80000,0x00000000ef600000)
 ParOldGen       total 40960K, used 12371K [0x00000000c0000000, 0x00000000c2800000, 0x00000000eab00000)
  object space 40960K, 30% used [0x00000000c0000000,0x00000000c0c14ef8,0x00000000c2800000)
 Metaspace       used 6387K, capacity 7128K, committed 7424K, reserved 1056768K
  class space    used 620K, capacity 656K, committed 768K, reserved 1048576K
}
Event: 15.010 GC heap before
{Heap before GC invocations=6 (full 0):
 PSYoungGen      total 33280K, used 33248K [0x00000000eab00000, 0x00000000ef600000, 0x0000000100000000)
  eden space 30720K, 100% used [0x00000000eab00000,0x00000000ec900000,0x00000000ec900000)
  from space 2560K, 98% used [0x00000000ec900000,0x00000000ecb78058,0x00000000ecb80000)
  to   space 7680K, 0% used [0x00000000eee80000,0x00000000eee80000,0x00000000ef600000)
 ParOldGen       total 40960K, used 12371K [0x00000000c0000000, 0x00000000c2800000, 0x00000000eab00000)
  object space 40960K, 30% used [0x00000000c0000000,0x00000000c0c14ef8,0x00000000c2800000)
 Metaspace       used 6398K, capacity 7128K, committed 7424K, reserved 1056768K
  class space    used 620K, capacity 656K, committed 768K, reserved 1048576K
Event: 15.241 GC heap after
Heap after GC invocations=6 (full 0):
 PSYoungGen      total 68096K, used 7296K [0x00000000eab00000, 0x00000000ef800000, 0x0000000100000000)
  eden space 60416K, 0% used [0x00000000eab00000,0x00000000eab00000,0x00000000ee600000)
  from space 7680K, 95% used [0x00000000eee80000,0x00000000ef5a0038,0x00000000ef600000)
  to   space 8704K, 0% used [0x00000000ee600000,0x00000000ee600000,0x00000000eee80000)
 ParOldGen       total 40960K, used 12371K [0x00000000c0000000, 0x00000000c2800000, 0x00000000eab00000)
  object space 40960K, 30% used [0x00000000c0000000,0x00000000c0c14ef8,0x00000000c2800000)
 Metaspace       used 6398K, capacity 7128K, committed 7424K, reserved 1056768K
  class space    used 620K, capacity 656K, committed 768K, reserved 1048576K
}

Deoptimization events (10 events):
Event: 10.161 Thread 0x00000000565a3800 Uncommon trap: reason=unstable_if action=reinterpret pc=0x00000000025d7648 method=com.android.dx.rop.code.RegisterSpec.equals(ILcom/android/dx/rop/type/TypeBearer;Lcom/android/dx/rop/code/LocalItem;)Z @ 16
Event: 10.228 Thread 0x00000000565ab800 Uncommon trap: reason=unstable_if action=reinterpret pc=0x000000000265cde0 method=java.util.HashMap.getNode(ILjava/lang/Object;)Ljava/util/HashMap$Node; @ 129
Event: 10.240 Thread 0x00000000565ab800 Uncommon trap: reason=unstable_if action=reinterpret pc=0x000000000250acb4 method=java.util.HashMap.getNode(ILjava/lang/Object;)Ljava/util/HashMap$Node; @ 129
Event: 10.315 Thread 0x0000000001e58800 Uncommon trap: reason=unstable_if action=reinterpret pc=0x00000000024ece1c method=java.lang.String.<init>([CII)V @ 18
Event: 10.413 Thread 0x00000000565a3800 Uncommon trap: reason=null_check action=make_not_entrant pc=0x000000000260c950 method=com.android.dx.rop.type.Type.equals(Ljava/lang/Object;)Z @ 8
Event: 10.500 Thread 0x00000000565a7800 Uncommon trap: reason=unstable_if action=reinterpret pc=0x000000000272b2cc method=com.android.dx.ssa.SsaMethod.updateOneDefinition(Lcom/android/dx/ssa/SsaInsn;Lcom/android/dx/rop/code/RegisterSpec;)V @ 4
Event: 10.509 Thread 0x00000000565a7800 Uncommon trap: reason=unstable_if action=reinterpret pc=0x000000000257cb64 method=java.util.BitSet.ensureCapacity(I)V @ 6
Event: 10.586 Thread 0x00000000565a3800 Uncommon trap: reason=unstable_if action=reinterpret pc=0x0000000002635ae4 method=com.android.dx.rop.code.RegisterSpec.equals(ILcom/android/dx/rop/type/TypeBearer;Lcom/android/dx/rop/code/LocalItem;)Z @ 16
Event: 10.881 Thread 0x00000000565a1000 Uncommon trap: reason=unstable_if action=reinterpret pc=0x000000000277286c method=com.android.dx.util.IntList.binarysearch(I)I @ 105
Event: 13.033 Thread 0x00000000565a1000 Uncommon trap: reason=bimorphic action=maybe_recompile pc=0x000000000254e2e0 method=java.util.HashMap.getNode(ILjava/lang/Object;)Ljava/util/HashMap$Node; @ 126

Internal exceptions (3 events):
Event: 1.029 Thread 0x0000000001e58800 Exception <a 'java/lang/NoSuchMethodError': Method sun.misc.Unsafe.defineClass(Ljava/lang/String;[BII)Ljava/lang/Class; name or signature does not match> (0x00000000eab07ca8) thrown at [C:\re\workspace\8-2-build-windows-amd64-cygwin\jdk8u131\8869\hotspot\
Event: 1.029 Thread 0x0000000001e58800 Exception <a 'java/lang/NoSuchMethodError': Method sun.misc.Unsafe.prefetchRead(Ljava/lang/Object;J)V name or signature does not match> (0x00000000eab07f90) thrown at [C:\re\workspace\8-2-build-windows-amd64-cygwin\jdk8u131\8869\hotspot\src\share\vm\prims
Event: 10.413 Thread 0x00000000565a3800 Implicit null exception at 0x000000000260c852 to 0x000000000260c942

Events (10 events):
Event: 13.033 Thread 0x00000000565a1000 DEOPT PACKING pc=0x000000000254e2e0 sp=0x000000005717e8c0
Event: 13.033 Thread 0x00000000565a1000 DEOPT UNPACKING pc=0x000000000235582a sp=0x000000005717e7d8 mode 2
Event: 13.870 Executing VM operation: ParallelGCFailedAllocation
Event: 14.620 Executing VM operation: ParallelGCFailedAllocation done
Event: 14.769 Thread 0x0000000001e58800 DEOPT PACKING pc=0x00000000028d8fa9 sp=0x000000000203e790
Event: 14.769 Thread 0x0000000001e58800 DEOPT UNPACKING pc=0x000000000235747f sp=0x000000000203e550 mode 0
Event: 14.781 Thread 0x0000000001e58800 DEOPT PACKING pc=0x00000000028db3ba sp=0x000000000203e890
Event: 14.781 Thread 0x0000000001e58800 DEOPT UNPACKING pc=0x000000000235747f sp=0x000000000203e6a0 mode 0
Event: 15.010 Executing VM operation: ParallelGCFailedAllocation
Event: 15.241 Executing VM operation: ParallelGCFailedAllocation done


Dynamic libraries:
0x000000013f490000 - 0x000000013f4c7000 	C:\Program Files\Java\jdk1.8.0_131\bin\java.exe
0x0000000077510000 - 0x00000000776b9000 	C:\Windows\SYSTEM32\ntdll.dll
0x00000000773f0000 - 0x000000007750f000 	C:\Windows\system32\kernel32.dll
0x000007fefd510000 - 0x000007fefd57b000 	C:\Windows\system32\KERNELBASE.dll
0x000007fefdf50000 - 0x000007fefe02b000 	C:\Windows\system32\ADVAPI32.dll
0x000007feff620000 - 0x000007feff6bf000 	C:\Windows\system32\msvcrt.dll
0x000007fefdf30000 - 0x000007fefdf4f000 	C:\Windows\SYSTEM32\sechost.dll
0x000007fefe030000 - 0x000007fefe15d000 	C:\Windows\system32\RPCRT4.dll
0x00000000772f0000 - 0x00000000773ea000 	C:\Windows\system32\USER32.dll
0x000007fefdc30000 - 0x000007fefdc97000 	C:\Windows\system32\GDI32.dll
0x000007fefdf00000 - 0x000007fefdf0e000 	C:\Windows\system32\LPK.dll
0x000007fefdd20000 - 0x000007fefdde9000 	C:\Windows\system32\USP10.dll
0x000007fefbc20000 - 0x000007fefbe14000 	C:\Windows\WinSxS\amd64_microsoft.windows.common-controls_6595b64144ccf1df_6.0.7601.17514_none_fa396087175ac9ac\COMCTL32.dll
0x000007fefdca0000 - 0x000007fefdd11000 	C:\Windows\system32\SHLWAPI.dll
0x000007fefe200000 - 0x000007fefe22e000 	C:\Windows\system32\IMM32.DLL
0x000007fefddf0000 - 0x000007fefdef9000 	C:\Windows\system32\MSCTF.dll
0x00000000732a0000 - 0x0000000073372000 	C:\Program Files\Java\jdk1.8.0_131\jre\bin\msvcr100.dll
0x0000000072a00000 - 0x000000007329c000 	C:\Program Files\Java\jdk1.8.0_131\jre\bin\server\jvm.dll
0x000007fef5110000 - 0x000007fef5119000 	C:\Windows\system32\WSOCK32.dll
0x000007fefd890000 - 0x000007fefd8dd000 	C:\Windows\system32\WS2_32.dll
0x000007feff430000 - 0x000007feff438000 	C:\Windows\system32\NSI.dll
0x000007fef9970000 - 0x000007fef99ab000 	C:\Windows\system32\WINMM.dll
0x000007fefc590000 - 0x000007fefc59c000 	C:\Windows\system32\VERSION.dll
0x00000000776e0000 - 0x00000000776e7000 	C:\Windows\system32\PSAPI.DLL
0x0000000074340000 - 0x000000007434f000 	C:\Program Files\Java\jdk1.8.0_131\jre\bin\verify.dll
0x00000000740e0000 - 0x0000000074109000 	C:\Program Files\Java\jdk1.8.0_131\jre\bin\java.dll
0x00000000740c0000 - 0x00000000740d6000 	C:\Program Files\Java\jdk1.8.0_131\jre\bin\zip.dll
0x000007fefe230000 - 0x000007fefefb8000 	C:\Windows\system32\SHELL32.dll
0x000007feff220000 - 0x000007feff423000 	C:\Windows\system32\ole32.dll
0x000007fefd460000 - 0x000007fefd46f000 	C:\Windows\system32\profapi.dll

VM Arguments:
jvm_args: -Djava.awt.headless=true -Xmx1024M -Dfile.encoding=windows-1252 -Duser.country=IN -Duser.language=en -Duser.variant 
java_command: com.android.dx.command.Main --dex --num-threads=4 --output D:\DK-HP-PA-2000AR\Laboratory\Ignite\PizzaApp\android\app\build\intermediates\pre-dexed\debug\com.google.android.gms-play-services-base-10.2.0_492ba3a389126cd4353762b8a7f0bdb6026fbdf6.jar D:\DK-HP-PA-2000AR\Laboratory\Ignite\PizzaApp\android\app\build\intermediates\exploded-aar\com.google.android.gms\play-services-base\10.2.0\jars\classes.jar
java_class_path (initial): C:\Programs\Android_SDK_Minimum\build-tools\25.0.2\lib\dx.jar
Launcher Type: SUN_STANDARD

Environment Variables:
JAVA_HOME=C:\Program Files\Java\jdk1.8.0_131
CLASSPATH=D:\DK-HP-PA-2000AR\Laboratory\Ignite\PizzaApp\android\\gradle\wrapper\gradle-wrapper.jar
PATH=C:\Program Files\ConEmu\ConEmu\Scripts;C:\Program Files\ConEmu;C:\Program Files\ConEmu\ConEmu;C:\Programs\Go_repository\bin;C:\Programs\Ruby24-x64\bin;C:\Programs\Python27\Lib\site-packages\PyQt4;C:\Programs\wget-1.19.1-win64;C:\Programs\repo;C:\Program Files\cURL\bin;C:\Programs\MinGW\bin;C:\Programs;C:\Programs\apache-ant-1.10.1\bin;C:\Program Files\WinRAR;C:\Programs\apktool;C:\Programs\Android_SDK_Minimum\platform-tools;C:\Programs\Android_SDK_Minimum\tools;C:\Program Files\Notepad++;C:\Program Files (x86)\Yarn\bin;C:\Programs\apache-maven-3.5.0\bin;C:\Programs\sst27;C:\Programs\php-7.1.3-nts-Win32-VC14-x64;C:\Program Files (x86)\GnuWin32\bin;C:\Program Files\Java\jdk1.8.0_131\bin;C:\Programs\Axel2.4;C:\Programs\gradle-4.1-milestone-1\bin;C:\Windows\system32;C:\Windows;C:\Windows\System32\Wbem;C:\Windows\System32\WindowsPowerShell\v1.0\;C:\Program Files\Git\cmd;C:\Program Files (x86)\WinSCP\;C:\Program Files (x86)\GNU\GnuPG\pub;C:\Programs\Python27;C:\Programs\Python27\DLLs;C:\Programs\Python27\Scripts;C:\Programs\Python27\Lib\site-packages\vtk;C:\Programs\Python27\gnuplot\binary;C:\Programs\Python27\Lib\site-packages\osgeo;C:\Program Files (x86)\pythonxy\swig;C:\Program Files (x86)\pythonxy\gettext\bin;C:\Program Files\nodejs\;C:\Programs\Go\bin;C:\Users\dk7\AppData\Local\Yarn\bin;C:\Users\dk7\AppData\Roaming\npm
USERNAME=dk7
OS=Windows_NT
PROCESSOR_IDENTIFIER=Intel64 Family 6 Model 37 Stepping 5, GenuineIntel



---------------  S Y S T E M  ---------------

OS: Windows 7 , 64 bit Build 7601 (6.1.7601.17514)

CPU:total 4 (initial active 4) (2 cores per cpu, 2 threads per core) family 6 model 37 stepping 5, cmov, cx8, fxsr, mmx, sse, sse2, sse3, ssse3, sse4.1, sse4.2, popcnt, ht, tsc, tscinvbit

Memory: 4k page, physical 3857104k(46092k free), swap 5419172k(3164k free)

vm_info: Java HotSpot(TM) 64-Bit Server VM (25.131-b11) for windows-amd64 JRE (1.8.0_131-b11), built on Mar 15 2017 01:23:53 by "java_re" with MS VC++ 10.0 (VS2010)

time: Thu Jul 20 12:10:38 2017
elapsed time: 19 seconds (0d 0h 0m 19s)

